2025-07-22 11:36:15.920 - RealTimeSTT: realtimestt - INFO - Starting RealTimeSTT
2025-07-22 11:36:15.923 - RealTimeSTT: realtimestt - INFO - Initializing audio recording (creating pyAudio input stream, sample rate: 16000 buffer size: 512
2025-07-22 11:36:15.928 - RealTimeSTT: realtimestt - DEBUG - Starting audio data worker with target_sample_rate=16000, buffer_size=512, input_device_index=None
2025-07-22 11:36:15.928 - RealTimeSTT: realtimestt - INFO - Initializing faster_whisper realtime transcription model tiny, default device: cpu, compute type: default, device index: 0, download root: None
2025-07-22 11:36:15.928 - RealTimeSTT: realtimestt - DEBUG - Creating PyAudio interface...
2025-07-22 11:36:16.025 - RealTimeSTT: realtimestt - DEBUG - No device index supplied; using default device 12
2025-07-22 11:36:16.025 - RealTimeSTT: realtimestt - DEBUG - Retrieving highest sample rate for device index 12: {'index': 12, 'structVersion': 2, 'name': 'default', 'hostApi': 0, 'maxInputChannels': 32, 'maxOutputChannels': 32, 'defaultLowInputLatency': 0.008684807256235827, 'defaultLowOutputLatency': 0.008684807256235827, 'defaultHighInputLatency': 0.034807256235827665, 'defaultHighOutputLatency': 0.034807256235827665, 'defaultSampleRate': 44100.0}
2025-07-22 11:36:16.025 - RealTimeSTT: realtimestt - DEBUG - Highest supported sample rate for device index 12 is 44100
2025-07-22 11:36:16.025 - RealTimeSTT: realtimestt - DEBUG - Sample rates to try for device 12: [16000, 44100]
2025-07-22 11:36:16.025 - RealTimeSTT: realtimestt - DEBUG - Attempting to initialize audio stream at 16000 Hz.
2025-07-22 11:36:16.025 - RealTimeSTT: realtimestt - DEBUG - Found 13 total audio devices on the system.
2025-07-22 11:36:16.025 - RealTimeSTT: realtimestt - DEBUG - Available input devices with input channels: [4, 5, 11, 12]
2025-07-22 11:36:16.026 - RealTimeSTT: realtimestt - DEBUG - Validating device index 12 with info: {'index': 12, 'structVersion': 2, 'name': 'default', 'hostApi': 0, 'maxInputChannels': 32, 'maxOutputChannels': 32, 'defaultLowInputLatency': 0.008684807256235827, 'defaultLowOutputLatency': 0.008684807256235827, 'defaultHighInputLatency': 0.034807256235827665, 'defaultHighOutputLatency': 0.034807256235827665, 'defaultSampleRate': 44100.0}
2025-07-22 11:36:16.106 - RealTimeSTT: realtimestt - DEBUG - Device index 12 successfully validated.
2025-07-22 11:36:16.106 - RealTimeSTT: realtimestt - DEBUG - Opening stream with device index 12, sample_rate=16000, chunk_size=1024
2025-07-22 11:36:16.110 - RealTimeSTT: realtimestt - INFO - Microphone connected and validated (device index: 12, sample rate: 16000, chunk size: 1024)
2025-07-22 11:36:16.110 - RealTimeSTT: realtimestt - DEBUG - Audio recording initialized successfully at 16000 Hz, reading 1024 frames at a time
2025-07-22 11:36:17.240 - RealTimeSTT: realtimestt - DEBUG - _audio_data_worker writing audio data into queue.
2025-07-22 11:36:18.244 - RealTimeSTT: realtimestt - DEBUG - _audio_data_worker writing audio data into queue.
2025-07-22 11:36:18.494 - RealTimeSTT: realtimestt - DEBUG - Faster_whisper realtime speech to text transcription model initialized successfully
2025-07-22 11:36:18.494 - RealTimeSTT: realtimestt - INFO - Initializing WebRTC voice with Sensitivity 2
2025-07-22 11:36:18.494 - RealTimeSTT: realtimestt - DEBUG - WebRTC VAD voice activity detection engine initialized successfully
2025-07-22 11:36:19.246 - RealTimeSTT: realtimestt - DEBUG - _audio_data_worker writing audio data into queue.
2025-07-22 11:36:20.336 - RealTimeSTT: realtimestt - DEBUG - _audio_data_worker writing audio data into queue.
2025-07-22 11:36:21.242 - RealTimeSTT: realtimestt - ERROR - Error initializing Silero VAD voice activity detection engine: libtorch_cuda.so: cannot open shared object file: No such file or directory
Traceback (most recent call last):
  File "/home/ashok/.local/lib/python3.10/site-packages/RealtimeSTT/audio_recorder.py", line 922, in __init__
    self.silero_vad_model, _ = torch.hub.load(
  File "/home/ashok/.local/lib/python3.10/site-packages/torch/hub.py", line 647, in load
    model = _load_local(repo_or_dir, model, *args, **kwargs)
  File "/home/ashok/.local/lib/python3.10/site-packages/torch/hub.py", line 677, in _load_local
    hub_module = _import_module(MODULE_HUBCONF, hubconf_path)
  File "/home/ashok/.local/lib/python3.10/site-packages/torch/hub.py", line 115, in _import_module
    spec.loader.exec_module(module)
  File "<frozen importlib._bootstrap_external>", line 883, in exec_module
  File "<frozen importlib._bootstrap>", line 241, in _call_with_frames_removed
  File "/home/ashok/.cache/torch/hub/snakers4_silero-vad_master/hubconf.py", line 6, in <module>
    from silero_vad.utils_vad import (init_jit_model,
  File "/home/ashok/.cache/torch/hub/snakers4_silero-vad_master/src/silero_vad/__init__.py", line 7, in <module>
    from silero_vad.model import load_silero_vad
  File "/home/ashok/.cache/torch/hub/snakers4_silero-vad_master/src/silero_vad/model.py", line 1, in <module>
    from .utils_vad import init_jit_model, OnnxWrapper
  File "/home/ashok/.cache/torch/hub/snakers4_silero-vad_master/src/silero_vad/utils_vad.py", line 2, in <module>
    import torchaudio
  File "/home/ashok/.local/lib/python3.10/site-packages/torchaudio/__init__.py", line 2, in <module>
    from . import _extension  # noqa  # usort: skip
  File "/home/ashok/.local/lib/python3.10/site-packages/torchaudio/_extension/__init__.py", line 38, in <module>
    _load_lib("libtorchaudio")
  File "/home/ashok/.local/lib/python3.10/site-packages/torchaudio/_extension/utils.py", line 60, in _load_lib
    torch.ops.load_library(path)
  File "/home/ashok/.local/lib/python3.10/site-packages/torch/_ops.py", line 1392, in load_library
    ctypes.CDLL(path)
  File "/usr/lib/python3.10/ctypes/__init__.py", line 374, in __init__
    self._handle = _dlopen(self._name, mode)
OSError: libtorch_cuda.so: cannot open shared object file: No such file or directory
2025-07-22 11:36:21.337 - RealTimeSTT: realtimestt - DEBUG - _audio_data_worker writing audio data into queue.
2025-07-22 11:36:22.338 - RealTimeSTT: realtimestt - DEBUG - _audio_data_worker writing audio data into queue.
2025-07-22 11:36:23.338 - RealTimeSTT: realtimestt - DEBUG - _audio_data_worker writing audio data into queue.
2025-07-22 11:36:24.429 - RealTimeSTT: realtimestt - DEBUG - _audio_data_worker writing audio data into queue.
2025-07-22 11:36:25.429 - RealTimeSTT: realtimestt - DEBUG - _audio_data_worker writing audio data into queue.
2025-07-22 11:36:26.430 - RealTimeSTT: realtimestt - DEBUG - _audio_data_worker writing audio data into queue.
2025-07-22 11:36:27.430 - RealTimeSTT: realtimestt - DEBUG - _audio_data_worker writing audio data into queue.
2025-07-22 11:36:28.431 - RealTimeSTT: realtimestt - DEBUG - _audio_data_worker writing audio data into queue.
2025-07-22 11:36:29.522 - RealTimeSTT: realtimestt - DEBUG - _audio_data_worker writing audio data into queue.
2025-07-22 11:36:30.522 - RealTimeSTT: realtimestt - DEBUG - _audio_data_worker writing audio data into queue.
2025-07-22 11:36:31.613 - RealTimeSTT: realtimestt - DEBUG - _audio_data_worker writing audio data into queue.
2025-07-22 11:36:32.614 - RealTimeSTT: realtimestt - DEBUG - _audio_data_worker writing audio data into queue.
2025-07-22 11:36:33.705 - RealTimeSTT: realtimestt - DEBUG - _audio_data_worker writing audio data into queue.
2025-07-22 11:36:34.796 - RealTimeSTT: realtimestt - DEBUG - _audio_data_worker writing audio data into queue.
2025-07-22 11:36:35.797 - RealTimeSTT: realtimestt - DEBUG - _audio_data_worker writing audio data into queue.
2025-07-22 11:36:36.886 - RealTimeSTT: realtimestt - DEBUG - _audio_data_worker writing audio data into queue.
2025-07-22 11:36:37.976 - RealTimeSTT: realtimestt - DEBUG - _audio_data_worker writing audio data into queue.
2025-07-22 11:36:39.066 - RealTimeSTT: realtimestt - DEBUG - _audio_data_worker writing audio data into queue.
2025-07-22 11:36:40.067 - RealTimeSTT: realtimestt - DEBUG - _audio_data_worker writing audio data into queue.
2025-07-22 11:36:41.158 - RealTimeSTT: realtimestt - DEBUG - _audio_data_worker writing audio data into queue.
2025-07-22 11:36:42.160 - RealTimeSTT: realtimestt - DEBUG - _audio_data_worker writing audio data into queue.
2025-07-22 11:36:43.251 - RealTimeSTT: realtimestt - DEBUG - _audio_data_worker writing audio data into queue.
2025-07-22 11:36:44.252 - RealTimeSTT: realtimestt - DEBUG - _audio_data_worker writing audio data into queue.
2025-07-22 11:36:45.254 - RealTimeSTT: realtimestt - DEBUG - _audio_data_worker writing audio data into queue.
2025-07-22 11:36:46.344 - RealTimeSTT: realtimestt - DEBUG - _audio_data_worker writing audio data into queue.
2025-07-22 11:36:47.432 - RealTimeSTT: realtimestt - DEBUG - _audio_data_worker writing audio data into queue.
2025-07-22 11:36:48.433 - RealTimeSTT: realtimestt - DEBUG - _audio_data_worker writing audio data into queue.
2025-07-22 11:36:49.523 - RealTimeSTT: realtimestt - DEBUG - _audio_data_worker writing audio data into queue.
2025-07-22 11:36:50.524 - RealTimeSTT: realtimestt - DEBUG - _audio_data_worker writing audio data into queue.
2025-07-22 11:36:51.525 - RealTimeSTT: realtimestt - DEBUG - _audio_data_worker writing audio data into queue.
2025-07-22 11:36:52.528 - RealTimeSTT: realtimestt - DEBUG - _audio_data_worker writing audio data into queue.
2025-07-22 11:36:53.618 - RealTimeSTT: realtimestt - DEBUG - _audio_data_worker writing audio data into queue.
2025-07-22 11:36:54.618 - RealTimeSTT: realtimestt - DEBUG - _audio_data_worker writing audio data into queue.
2025-07-22 11:36:55.619 - RealTimeSTT: realtimestt - DEBUG - _audio_data_worker writing audio data into queue.
2025-07-22 11:36:56.709 - RealTimeSTT: realtimestt - DEBUG - _audio_data_worker writing audio data into queue.
2025-07-22 11:36:57.799 - RealTimeSTT: realtimestt - DEBUG - _audio_data_worker writing audio data into queue.
2025-07-22 11:38:58.668 - RealTimeSTT: realtimestt - INFO - Starting RealTimeSTT
2025-07-22 11:38:58.670 - RealTimeSTT: realtimestt - INFO - Initializing audio recording (creating pyAudio input stream, sample rate: 16000 buffer size: 512
2025-07-22 11:38:58.673 - RealTimeSTT: realtimestt - DEBUG - Starting audio data worker with target_sample_rate=16000, buffer_size=512, input_device_index=4
2025-07-22 11:38:58.674 - RealTimeSTT: realtimestt - INFO - Initializing faster_whisper realtime transcription model tiny, default device: cpu, compute type: default, device index: 0, download root: None
2025-07-22 11:38:58.674 - RealTimeSTT: realtimestt - DEBUG - Creating PyAudio interface...
2025-07-22 11:38:58.738 - RealTimeSTT: realtimestt - DEBUG - Retrieving highest sample rate for device index 4: {'index': 4, 'structVersion': 2, 'name': 'HDA Intel PCH: ALC3246 Analog (hw:1,0)', 'hostApi': 0, 'maxInputChannels': 2, 'maxOutputChannels': 0, 'defaultLowInputLatency': 0.005804988662131519, 'defaultLowOutputLatency': -1.0, 'defaultHighInputLatency': 0.034829931972789115, 'defaultHighOutputLatency': -1.0, 'defaultSampleRate': 44100.0}
2025-07-22 11:38:58.739 - RealTimeSTT: realtimestt - DEBUG - Highest supported sample rate for device index 4 is 44100
2025-07-22 11:38:58.739 - RealTimeSTT: realtimestt - DEBUG - Sample rates to try for device 4: [16000, 44100]
2025-07-22 11:38:58.739 - RealTimeSTT: realtimestt - DEBUG - Attempting to initialize audio stream at 16000 Hz.
2025-07-22 11:38:58.739 - RealTimeSTT: realtimestt - DEBUG - Found 13 total audio devices on the system.
2025-07-22 11:38:58.739 - RealTimeSTT: realtimestt - DEBUG - Available input devices with input channels: [4, 5, 11, 12]
2025-07-22 11:38:58.739 - RealTimeSTT: realtimestt - DEBUG - Validating device index 4 with info: {'index': 4, 'structVersion': 2, 'name': 'HDA Intel PCH: ALC3246 Analog (hw:1,0)', 'hostApi': 0, 'maxInputChannels': 2, 'maxOutputChannels': 0, 'defaultLowInputLatency': 0.005804988662131519, 'defaultLowOutputLatency': -1.0, 'defaultHighInputLatency': 0.034829931972789115, 'defaultHighOutputLatency': -1.0, 'defaultSampleRate': 44100.0}
2025-07-22 11:38:58.739 - RealTimeSTT: realtimestt - DEBUG - Device validation failed for index 4: [Errno -9997] Invalid sample rate
2025-07-22 11:38:58.739 - RealTimeSTT: realtimestt - ERROR - Microphone connection failed: Selected device validation failed. Retrying...
Traceback (most recent call last):
  File "/home/ashok/.local/lib/python3.10/site-packages/RealtimeSTT/audio_recorder.py", line 1169, in initialize_audio_stream
    raise Exception("Selected device validation failed")
Exception: Selected device validation failed
2025-07-22 11:38:59.408 - RealTimeSTT: realtimestt - DEBUG - Faster_whisper realtime speech to text transcription model initialized successfully
2025-07-22 11:38:59.408 - RealTimeSTT: realtimestt - INFO - Initializing WebRTC voice with Sensitivity 2
2025-07-22 11:38:59.408 - RealTimeSTT: realtimestt - DEBUG - WebRTC VAD voice activity detection engine initialized successfully
2025-07-22 11:38:59.885 - RealTimeSTT: realtimestt - ERROR - Error initializing Silero VAD voice activity detection engine: libtorch_cuda.so: cannot open shared object file: No such file or directory
Traceback (most recent call last):
  File "/home/ashok/.local/lib/python3.10/site-packages/RealtimeSTT/audio_recorder.py", line 922, in __init__
    self.silero_vad_model, _ = torch.hub.load(
  File "/home/ashok/.local/lib/python3.10/site-packages/torch/hub.py", line 647, in load
    model = _load_local(repo_or_dir, model, *args, **kwargs)
  File "/home/ashok/.local/lib/python3.10/site-packages/torch/hub.py", line 677, in _load_local
    hub_module = _import_module(MODULE_HUBCONF, hubconf_path)
  File "/home/ashok/.local/lib/python3.10/site-packages/torch/hub.py", line 115, in _import_module
    spec.loader.exec_module(module)
  File "<frozen importlib._bootstrap_external>", line 883, in exec_module
  File "<frozen importlib._bootstrap>", line 241, in _call_with_frames_removed
  File "/home/ashok/.cache/torch/hub/snakers4_silero-vad_master/hubconf.py", line 6, in <module>
    from silero_vad.utils_vad import (init_jit_model,
  File "/home/ashok/.cache/torch/hub/snakers4_silero-vad_master/src/silero_vad/__init__.py", line 7, in <module>
    from silero_vad.model import load_silero_vad
  File "/home/ashok/.cache/torch/hub/snakers4_silero-vad_master/src/silero_vad/model.py", line 1, in <module>
    from .utils_vad import init_jit_model, OnnxWrapper
  File "/home/ashok/.cache/torch/hub/snakers4_silero-vad_master/src/silero_vad/utils_vad.py", line 2, in <module>
    import torchaudio
  File "/home/ashok/.local/lib/python3.10/site-packages/torchaudio/__init__.py", line 2, in <module>
    from . import _extension  # noqa  # usort: skip
  File "/home/ashok/.local/lib/python3.10/site-packages/torchaudio/_extension/__init__.py", line 38, in <module>
    _load_lib("libtorchaudio")
  File "/home/ashok/.local/lib/python3.10/site-packages/torchaudio/_extension/utils.py", line 60, in _load_lib
    torch.ops.load_library(path)
  File "/home/ashok/.local/lib/python3.10/site-packages/torch/_ops.py", line 1392, in load_library
    ctypes.CDLL(path)
  File "/usr/lib/python3.10/ctypes/__init__.py", line 374, in __init__
    self._handle = _dlopen(self._name, mode)
OSError: libtorch_cuda.so: cannot open shared object file: No such file or directory
2025-07-22 11:39:01.742 - RealTimeSTT: realtimestt - DEBUG - Found 13 total audio devices on the system.
2025-07-22 11:39:01.742 - RealTimeSTT: realtimestt - DEBUG - Available input devices with input channels: [4, 5, 11, 12]
2025-07-22 11:39:01.742 - RealTimeSTT: realtimestt - DEBUG - Default device info: {'index': 12, 'structVersion': 2, 'name': 'default', 'hostApi': 0, 'maxInputChannels': 32, 'maxOutputChannels': 32, 'defaultLowInputLatency': 0.008684807256235827, 'defaultLowOutputLatency': 0.008684807256235827, 'defaultHighInputLatency': 0.034807256235827665, 'defaultHighOutputLatency': 0.034807256235827665, 'defaultSampleRate': 44100.0}
2025-07-22 11:39:01.742 - RealTimeSTT: realtimestt - DEBUG - Validating device index 12 with info: {'index': 12, 'structVersion': 2, 'name': 'default', 'hostApi': 0, 'maxInputChannels': 32, 'maxOutputChannels': 32, 'defaultLowInputLatency': 0.008684807256235827, 'defaultLowOutputLatency': 0.008684807256235827, 'defaultHighInputLatency': 0.034807256235827665, 'defaultHighOutputLatency': 0.034807256235827665, 'defaultSampleRate': 44100.0}
2025-07-22 11:39:01.818 - RealTimeSTT: realtimestt - DEBUG - Device index 12 successfully validated.
2025-07-22 11:39:01.818 - RealTimeSTT: realtimestt - DEBUG - Default device 12 selected.
2025-07-22 11:39:01.818 - RealTimeSTT: realtimestt - DEBUG - Validating device index 12 with info: {'index': 12, 'structVersion': 2, 'name': 'default', 'hostApi': 0, 'maxInputChannels': 32, 'maxOutputChannels': 32, 'defaultLowInputLatency': 0.008684807256235827, 'defaultLowOutputLatency': 0.008684807256235827, 'defaultHighInputLatency': 0.034807256235827665, 'defaultHighOutputLatency': 0.034807256235827665, 'defaultSampleRate': 44100.0}
2025-07-22 11:39:01.894 - RealTimeSTT: realtimestt - DEBUG - Device index 12 successfully validated.
2025-07-22 11:39:01.894 - RealTimeSTT: realtimestt - DEBUG - Opening stream with device index 12, sample_rate=16000, chunk_size=1024
2025-07-22 11:39:01.899 - RealTimeSTT: realtimestt - INFO - Microphone connected and validated (device index: 12, sample rate: 16000, chunk size: 1024)
2025-07-22 11:39:01.899 - RealTimeSTT: realtimestt - DEBUG - Audio recording initialized successfully at 16000 Hz, reading 1024 frames at a time
2025-07-22 11:39:03.030 - RealTimeSTT: realtimestt - DEBUG - _audio_data_worker writing audio data into queue.
2025-07-22 11:39:04.032 - RealTimeSTT: realtimestt - DEBUG - _audio_data_worker writing audio data into queue.
2025-07-22 11:39:05.033 - RealTimeSTT: realtimestt - DEBUG - _audio_data_worker writing audio data into queue.
2025-07-22 11:39:06.035 - RealTimeSTT: realtimestt - DEBUG - _audio_data_worker writing audio data into queue.
2025-07-22 11:39:07.040 - RealTimeSTT: realtimestt - DEBUG - _audio_data_worker writing audio data into queue.
2025-07-22 11:39:08.041 - RealTimeSTT: realtimestt - DEBUG - _audio_data_worker writing audio data into queue.
2025-07-22 11:39:09.044 - RealTimeSTT: realtimestt - DEBUG - _audio_data_worker writing audio data into queue.
2025-07-22 11:39:10.047 - RealTimeSTT: realtimestt - DEBUG - _audio_data_worker writing audio data into queue.
2025-07-22 11:39:11.135 - RealTimeSTT: realtimestt - DEBUG - _audio_data_worker writing audio data into queue.
2025-07-22 11:39:12.136 - RealTimeSTT: realtimestt - DEBUG - _audio_data_worker writing audio data into queue.
2025-07-22 11:39:13.139 - RealTimeSTT: realtimestt - DEBUG - _audio_data_worker writing audio data into queue.
2025-07-22 11:39:14.229 - RealTimeSTT: realtimestt - DEBUG - _audio_data_worker writing audio data into queue.
2025-07-22 11:39:15.230 - RealTimeSTT: realtimestt - DEBUG - _audio_data_worker writing audio data into queue.
2025-07-22 11:39:16.234 - RealTimeSTT: realtimestt - DEBUG - _audio_data_worker writing audio data into queue.
2025-07-22 11:39:17.324 - RealTimeSTT: realtimestt - DEBUG - _audio_data_worker writing audio data into queue.
2025-07-22 11:39:18.415 - RealTimeSTT: realtimestt - DEBUG - _audio_data_worker writing audio data into queue.
2025-07-22 11:39:19.418 - RealTimeSTT: realtimestt - DEBUG - _audio_data_worker writing audio data into queue.
2025-07-22 11:39:20.506 - RealTimeSTT: realtimestt - DEBUG - _audio_data_worker writing audio data into queue.
2025-07-22 11:39:21.597 - RealTimeSTT: realtimestt - DEBUG - _audio_data_worker writing audio data into queue.
2025-07-22 11:39:22.687 - RealTimeSTT: realtimestt - DEBUG - _audio_data_worker writing audio data into queue.
2025-07-22 11:39:23.689 - RealTimeSTT: realtimestt - DEBUG - _audio_data_worker writing audio data into queue.
2025-07-22 11:39:24.690 - RealTimeSTT: realtimestt - DEBUG - _audio_data_worker writing audio data into queue.
2025-07-22 11:39:25.781 - RealTimeSTT: realtimestt - DEBUG - _audio_data_worker writing audio data into queue.
2025-07-22 11:39:26.783 - RealTimeSTT: realtimestt - DEBUG - _audio_data_worker writing audio data into queue.
2025-07-22 11:39:27.872 - RealTimeSTT: realtimestt - DEBUG - _audio_data_worker writing audio data into queue.
2025-07-22 11:39:28.963 - RealTimeSTT: realtimestt - DEBUG - _audio_data_worker writing audio data into queue.
2025-07-22 11:39:29.963 - RealTimeSTT: realtimestt - DEBUG - _audio_data_worker writing audio data into queue.
2025-07-22 11:39:30.965 - RealTimeSTT: realtimestt - DEBUG - _audio_data_worker writing audio data into queue.
2025-07-22 11:39:32.055 - RealTimeSTT: realtimestt - DEBUG - _audio_data_worker writing audio data into queue.
2025-07-22 11:39:33.055 - RealTimeSTT: realtimestt - DEBUG - _audio_data_worker writing audio data into queue.
2025-07-22 11:39:34.146 - RealTimeSTT: realtimestt - DEBUG - _audio_data_worker writing audio data into queue.
2025-07-22 11:39:35.149 - RealTimeSTT: realtimestt - DEBUG - _audio_data_worker writing audio data into queue.
2025-07-22 11:39:36.238 - RealTimeSTT: realtimestt - DEBUG - _audio_data_worker writing audio data into queue.
2025-07-22 11:39:37.239 - RealTimeSTT: realtimestt - DEBUG - _audio_data_worker writing audio data into queue.
2025-07-22 11:39:38.329 - RealTimeSTT: realtimestt - DEBUG - _audio_data_worker writing audio data into queue.
2025-07-22 11:39:39.331 - RealTimeSTT: realtimestt - DEBUG - _audio_data_worker writing audio data into queue.
2025-07-22 11:39:40.334 - RealTimeSTT: realtimestt - DEBUG - _audio_data_worker writing audio data into queue.
2025-07-22 11:39:41.423 - RealTimeSTT: realtimestt - DEBUG - _audio_data_worker writing audio data into queue.
2025-07-22 11:39:42.513 - RealTimeSTT: realtimestt - DEBUG - _audio_data_worker writing audio data into queue.
2025-07-22 11:39:43.514 - RealTimeSTT: realtimestt - DEBUG - _audio_data_worker writing audio data into queue.
2025-07-22 11:39:44.514 - RealTimeSTT: realtimestt - DEBUG - _audio_data_worker writing audio data into queue.
2025-07-22 11:39:45.516 - RealTimeSTT: realtimestt - DEBUG - _audio_data_worker writing audio data into queue.
2025-07-22 11:39:46.606 - RealTimeSTT: realtimestt - DEBUG - _audio_data_worker writing audio data into queue.
2025-07-22 11:39:47.610 - RealTimeSTT: realtimestt - DEBUG - _audio_data_worker writing audio data into queue.
2025-07-22 11:39:48.699 - RealTimeSTT: realtimestt - DEBUG - _audio_data_worker writing audio data into queue.
2025-07-22 11:39:49.789 - RealTimeSTT: realtimestt - DEBUG - _audio_data_worker writing audio data into queue.
2025-07-22 11:39:50.791 - RealTimeSTT: realtimestt - DEBUG - _audio_data_worker writing audio data into queue.
2025-07-22 11:39:51.882 - RealTimeSTT: realtimestt - DEBUG - _audio_data_worker writing audio data into queue.
2025-07-22 11:39:52.971 - RealTimeSTT: realtimestt - DEBUG - _audio_data_worker writing audio data into queue.
2025-07-22 11:39:53.972 - RealTimeSTT: realtimestt - DEBUG - _audio_data_worker writing audio data into queue.
2025-07-22 11:39:54.972 - RealTimeSTT: realtimestt - DEBUG - _audio_data_worker writing audio data into queue.
2025-07-22 11:39:55.973 - RealTimeSTT: realtimestt - DEBUG - _audio_data_worker writing audio data into queue.
2025-07-22 11:39:57.063 - RealTimeSTT: realtimestt - DEBUG - _audio_data_worker writing audio data into queue.
2025-07-22 11:39:58.155 - RealTimeSTT: realtimestt - DEBUG - _audio_data_worker writing audio data into queue.
2025-07-22 11:39:59.244 - RealTimeSTT: realtimestt - DEBUG - _audio_data_worker writing audio data into queue.
2025-07-22 11:40:00.247 - RealTimeSTT: realtimestt - DEBUG - _audio_data_worker writing audio data into queue.
2025-07-22 11:40:01.251 - RealTimeSTT: realtimestt - DEBUG - _audio_data_worker writing audio data into queue.
2025-07-22 11:40:02.340 - RealTimeSTT: realtimestt - DEBUG - _audio_data_worker writing audio data into queue.
2025-07-22 11:40:03.340 - RealTimeSTT: realtimestt - DEBUG - _audio_data_worker writing audio data into queue.
2025-07-22 11:40:04.430 - RealTimeSTT: realtimestt - DEBUG - _audio_data_worker writing audio data into queue.
2025-07-22 11:40:05.433 - RealTimeSTT: realtimestt - DEBUG - _audio_data_worker writing audio data into queue.
2025-07-22 11:40:06.522 - RealTimeSTT: realtimestt - DEBUG - _audio_data_worker writing audio data into queue.
2025-07-22 11:40:07.613 - RealTimeSTT: realtimestt - DEBUG - _audio_data_worker writing audio data into queue.
2025-07-22 11:40:08.615 - RealTimeSTT: realtimestt - DEBUG - _audio_data_worker writing audio data into queue.
2025-07-22 11:40:09.705 - RealTimeSTT: realtimestt - DEBUG - _audio_data_worker writing audio data into queue.
2025-07-22 11:40:10.794 - RealTimeSTT: realtimestt - DEBUG - _audio_data_worker writing audio data into queue.
2025-07-22 11:40:11.795 - RealTimeSTT: realtimestt - DEBUG - _audio_data_worker writing audio data into queue.
2025-07-22 11:40:12.797 - RealTimeSTT: realtimestt - DEBUG - _audio_data_worker writing audio data into queue.
2025-07-22 11:40:13.888 - RealTimeSTT: realtimestt - DEBUG - _audio_data_worker writing audio data into queue.
2025-07-22 11:40:14.889 - RealTimeSTT: realtimestt - DEBUG - _audio_data_worker writing audio data into queue.
2025-07-22 11:40:15.891 - RealTimeSTT: realtimestt - DEBUG - _audio_data_worker writing audio data into queue.
2025-07-22 11:40:16.980 - RealTimeSTT: realtimestt - DEBUG - _audio_data_worker writing audio data into queue.
2025-07-22 11:40:18.071 - RealTimeSTT: realtimestt - DEBUG - _audio_data_worker writing audio data into queue.
2025-07-22 11:40:19.073 - RealTimeSTT: realtimestt - DEBUG - _audio_data_worker writing audio data into queue.
2025-07-22 11:40:20.164 - RealTimeSTT: realtimestt - DEBUG - _audio_data_worker writing audio data into queue.
2025-07-22 11:40:21.254 - RealTimeSTT: realtimestt - DEBUG - _audio_data_worker writing audio data into queue.
2025-07-22 11:40:22.255 - RealTimeSTT: realtimestt - DEBUG - _audio_data_worker writing audio data into queue.
2025-07-22 11:40:23.344 - RealTimeSTT: realtimestt - DEBUG - _audio_data_worker writing audio data into queue.
2025-07-22 11:40:24.344 - RealTimeSTT: realtimestt - DEBUG - _audio_data_worker writing audio data into queue.
2025-07-22 11:40:25.347 - RealTimeSTT: realtimestt - DEBUG - _audio_data_worker writing audio data into queue.
2025-07-22 11:40:26.347 - RealTimeSTT: realtimestt - DEBUG - _audio_data_worker writing audio data into queue.
2025-07-22 11:40:27.437 - RealTimeSTT: realtimestt - DEBUG - _audio_data_worker writing audio data into queue.
2025-07-22 11:40:28.528 - RealTimeSTT: realtimestt - DEBUG - _audio_data_worker writing audio data into queue.
2025-07-22 11:40:29.528 - RealTimeSTT: realtimestt - DEBUG - _audio_data_worker writing audio data into queue.
2025-07-22 11:40:30.530 - RealTimeSTT: realtimestt - DEBUG - _audio_data_worker writing audio data into queue.
2025-07-22 11:40:31.621 - RealTimeSTT: realtimestt - DEBUG - _audio_data_worker writing audio data into queue.
2025-07-22 11:40:32.623 - RealTimeSTT: realtimestt - DEBUG - _audio_data_worker writing audio data into queue.
2025-07-22 11:40:33.712 - RealTimeSTT: realtimestt - DEBUG - _audio_data_worker writing audio data into queue.
2025-07-22 11:40:34.803 - RealTimeSTT: realtimestt - DEBUG - _audio_data_worker writing audio data into queue.
2025-07-22 11:40:35.806 - RealTimeSTT: realtimestt - DEBUG - _audio_data_worker writing audio data into queue.
2025-07-22 11:40:36.807 - RealTimeSTT: realtimestt - DEBUG - _audio_data_worker writing audio data into queue.
2025-07-22 11:40:37.898 - RealTimeSTT: realtimestt - DEBUG - _audio_data_worker writing audio data into queue.
2025-07-22 11:40:38.900 - RealTimeSTT: realtimestt - DEBUG - _audio_data_worker writing audio data into queue.
2025-07-22 11:40:39.987 - RealTimeSTT: realtimestt - DEBUG - _audio_data_worker writing audio data into queue.
2025-07-22 11:40:40.988 - RealTimeSTT: realtimestt - DEBUG - _audio_data_worker writing audio data into queue.
2025-07-22 11:40:41.988 - RealTimeSTT: realtimestt - DEBUG - _audio_data_worker writing audio data into queue.
2025-07-22 11:40:42.991 - RealTimeSTT: realtimestt - DEBUG - _audio_data_worker writing audio data into queue.
2025-07-22 11:40:44.081 - RealTimeSTT: realtimestt - DEBUG - _audio_data_worker writing audio data into queue.
2025-07-22 11:40:45.171 - RealTimeSTT: realtimestt - DEBUG - _audio_data_worker writing audio data into queue.
2025-07-22 11:40:46.177 - RealTimeSTT: realtimestt - DEBUG - _audio_data_worker writing audio data into queue.
2025-07-22 11:40:47.265 - RealTimeSTT: realtimestt - DEBUG - _audio_data_worker writing audio data into queue.
2025-07-22 11:40:48.353 - RealTimeSTT: realtimestt - DEBUG - _audio_data_worker writing audio data into queue.
2025-07-22 11:40:49.356 - RealTimeSTT: realtimestt - DEBUG - _audio_data_worker writing audio data into queue.
2025-07-22 11:40:50.444 - RealTimeSTT: realtimestt - DEBUG - _audio_data_worker writing audio data into queue.
2025-07-22 11:40:51.535 - RealTimeSTT: realtimestt - DEBUG - _audio_data_worker writing audio data into queue.
2025-07-22 11:40:52.537 - RealTimeSTT: realtimestt - DEBUG - _audio_data_worker writing audio data into queue.
2025-07-22 11:40:53.539 - RealTimeSTT: realtimestt - DEBUG - _audio_data_worker writing audio data into queue.
2025-07-22 11:40:54.628 - RealTimeSTT: realtimestt - DEBUG - _audio_data_worker writing audio data into queue.
2025-07-22 11:40:55.630 - RealTimeSTT: realtimestt - DEBUG - _audio_data_worker writing audio data into queue.
2025-07-22 11:40:56.630 - RealTimeSTT: realtimestt - DEBUG - _audio_data_worker writing audio data into queue.
2025-07-22 11:40:57.720 - RealTimeSTT: realtimestt - DEBUG - _audio_data_worker writing audio data into queue.
2025-07-22 11:40:58.721 - RealTimeSTT: realtimestt - DEBUG - _audio_data_worker writing audio data into queue.
2025-07-22 11:40:59.723 - RealTimeSTT: realtimestt - DEBUG - _audio_data_worker writing audio data into queue.
2025-07-22 11:41:00.813 - RealTimeSTT: realtimestt - DEBUG - _audio_data_worker writing audio data into queue.
2025-07-22 11:41:01.854 - RealTimeSTT: realtimestt - DEBUG - _audio_data_worker writing audio data into queue.
2025-07-22 11:41:02.883 - RealTimeSTT: realtimestt - DEBUG - _audio_data_worker writing audio data into queue.
2025-07-22 11:41:03.889 - RealTimeSTT: realtimestt - DEBUG - _audio_data_worker writing audio data into queue.
2025-07-22 11:41:04.899 - RealTimeSTT: realtimestt - DEBUG - _audio_data_worker writing audio data into queue.
2025-07-22 11:41:05.934 - RealTimeSTT: realtimestt - DEBUG - _audio_data_worker writing audio data into queue.
2025-07-22 11:41:06.986 - RealTimeSTT: realtimestt - DEBUG - _audio_data_worker writing audio data into queue.
2025-07-22 11:41:08.014 - RealTimeSTT: realtimestt - DEBUG - _audio_data_worker writing audio data into queue.
2025-07-22 11:41:09.062 - RealTimeSTT: realtimestt - DEBUG - _audio_data_worker writing audio data into queue.
2025-07-22 11:41:10.116 - RealTimeSTT: realtimestt - DEBUG - _audio_data_worker writing audio data into queue.
2025-07-22 11:41:11.144 - RealTimeSTT: realtimestt - DEBUG - _audio_data_worker writing audio data into queue.
2025-07-22 11:41:12.172 - RealTimeSTT: realtimestt - DEBUG - _audio_data_worker writing audio data into queue.
2025-07-22 11:41:13.203 - RealTimeSTT: realtimestt - DEBUG - _audio_data_worker writing audio data into queue.
2025-07-22 11:41:14.210 - RealTimeSTT: realtimestt - DEBUG - _audio_data_worker writing audio data into queue.
2025-07-22 11:41:15.261 - RealTimeSTT: realtimestt - DEBUG - _audio_data_worker writing audio data into queue.
2025-07-22 11:41:16.315 - RealTimeSTT: realtimestt - DEBUG - _audio_data_worker writing audio data into queue.
2025-07-22 11:41:17.340 - RealTimeSTT: realtimestt - DEBUG - _audio_data_worker writing audio data into queue.
2025-07-22 11:41:18.368 - RealTimeSTT: realtimestt - DEBUG - _audio_data_worker writing audio data into queue.
2025-07-22 11:41:19.445 - RealTimeSTT: realtimestt - DEBUG - _audio_data_worker writing audio data into queue.
2025-07-22 11:41:20.494 - RealTimeSTT: realtimestt - DEBUG - _audio_data_worker writing audio data into queue.
2025-07-22 11:41:21.518 - RealTimeSTT: realtimestt - DEBUG - _audio_data_worker writing audio data into queue.
2025-07-22 11:41:22.547 - RealTimeSTT: realtimestt - DEBUG - _audio_data_worker writing audio data into queue.
2025-07-22 11:41:23.599 - RealTimeSTT: realtimestt - DEBUG - _audio_data_worker writing audio data into queue.
2025-07-22 11:41:24.627 - RealTimeSTT: realtimestt - DEBUG - _audio_data_worker writing audio data into queue.
2025-07-22 11:41:25.676 - RealTimeSTT: realtimestt - DEBUG - _audio_data_worker writing audio data into queue.
2025-07-22 11:41:26.687 - RealTimeSTT: realtimestt - DEBUG - _audio_data_worker writing audio data into queue.
2025-07-22 11:41:27.737 - RealTimeSTT: realtimestt - DEBUG - _audio_data_worker writing audio data into queue.
2025-07-22 11:41:28.785 - RealTimeSTT: realtimestt - DEBUG - _audio_data_worker writing audio data into queue.
2025-07-22 11:41:29.839 - RealTimeSTT: realtimestt - DEBUG - _audio_data_worker writing audio data into queue.
2025-07-22 11:41:30.891 - RealTimeSTT: realtimestt - DEBUG - _audio_data_worker writing audio data into queue.
2025-07-22 11:41:31.893 - RealTimeSTT: realtimestt - DEBUG - _audio_data_worker writing audio data into queue.
2025-07-22 11:41:32.928 - RealTimeSTT: realtimestt - DEBUG - _audio_data_worker writing audio data into queue.
2025-07-22 11:41:33.977 - RealTimeSTT: realtimestt - DEBUG - _audio_data_worker writing audio data into queue.
2025-07-22 11:41:34.984 - RealTimeSTT: realtimestt - DEBUG - _audio_data_worker writing audio data into queue.
2025-07-22 11:41:36.041 - RealTimeSTT: realtimestt - DEBUG - _audio_data_worker writing audio data into queue.
2025-07-22 11:41:37.073 - RealTimeSTT: realtimestt - DEBUG - _audio_data_worker writing audio data into queue.
2025-07-22 11:41:38.086 - RealTimeSTT: realtimestt - DEBUG - _audio_data_worker writing audio data into queue.
2025-07-22 11:41:39.139 - RealTimeSTT: realtimestt - DEBUG - _audio_data_worker writing audio data into queue.
2025-07-22 11:41:40.196 - RealTimeSTT: realtimestt - DEBUG - _audio_data_worker writing audio data into queue.
2025-07-22 11:41:41.243 - RealTimeSTT: realtimestt - DEBUG - _audio_data_worker writing audio data into queue.
2025-07-22 11:41:42.268 - RealTimeSTT: realtimestt - DEBUG - _audio_data_worker writing audio data into queue.
2025-07-22 11:41:43.322 - RealTimeSTT: realtimestt - DEBUG - _audio_data_worker writing audio data into queue.
2025-07-22 11:41:44.396 - RealTimeSTT: realtimestt - DEBUG - _audio_data_worker writing audio data into queue.
2025-07-22 11:41:45.423 - RealTimeSTT: realtimestt - DEBUG - _audio_data_worker writing audio data into queue.
2025-07-22 11:41:46.435 - RealTimeSTT: realtimestt - DEBUG - _audio_data_worker writing audio data into queue.
2025-07-22 11:41:47.458 - RealTimeSTT: realtimestt - DEBUG - _audio_data_worker writing audio data into queue.
2025-07-22 11:41:48.464 - RealTimeSTT: realtimestt - DEBUG - _audio_data_worker writing audio data into queue.
2025-07-22 11:41:49.499 - RealTimeSTT: realtimestt - DEBUG - _audio_data_worker writing audio data into queue.
2025-07-22 11:41:50.546 - RealTimeSTT: realtimestt - DEBUG - _audio_data_worker writing audio data into queue.
2025-07-22 11:41:51.599 - RealTimeSTT: realtimestt - DEBUG - _audio_data_worker writing audio data into queue.
2025-07-22 11:41:52.603 - RealTimeSTT: realtimestt - DEBUG - _audio_data_worker writing audio data into queue.
2025-07-22 11:41:53.633 - RealTimeSTT: realtimestt - DEBUG - _audio_data_worker writing audio data into queue.
2025-07-22 11:41:54.686 - RealTimeSTT: realtimestt - DEBUG - _audio_data_worker writing audio data into queue.
2025-07-22 11:41:55.733 - RealTimeSTT: realtimestt - DEBUG - _audio_data_worker writing audio data into queue.
2025-07-22 11:41:56.810 - RealTimeSTT: realtimestt - DEBUG - _audio_data_worker writing audio data into queue.
2025-07-22 11:41:57.835 - RealTimeSTT: realtimestt - DEBUG - _audio_data_worker writing audio data into queue.
2025-07-22 11:41:58.842 - RealTimeSTT: realtimestt - DEBUG - _audio_data_worker writing audio data into queue.
2025-07-22 11:41:59.876 - RealTimeSTT: realtimestt - DEBUG - _audio_data_worker writing audio data into queue.
2025-07-22 11:42:00.927 - RealTimeSTT: realtimestt - DEBUG - _audio_data_worker writing audio data into queue.
2025-07-22 11:42:01.931 - RealTimeSTT: realtimestt - DEBUG - _audio_data_worker writing audio data into queue.
2025-07-22 11:42:02.962 - RealTimeSTT: realtimestt - DEBUG - _audio_data_worker writing audio data into queue.
2025-07-22 11:50:00.992 - RealTimeSTT: realtimestt - INFO - Starting RealTimeSTT
2025-07-22 11:50:00.995 - RealTimeSTT: realtimestt - INFO - Initializing audio recording (creating pyAudio input stream, sample rate: 16000 buffer size: 512
2025-07-22 11:50:00.997 - RealTimeSTT: realtimestt - DEBUG - Starting audio data worker with target_sample_rate=16000, buffer_size=512, input_device_index={'default_samplerate': 44100.0, 'index': 4, 'name': 'HDA Intel PCH: ALC3246 Alt Analog (hw:1,2)'}
2025-07-22 11:50:00.997 - RealTimeSTT: realtimestt - INFO - Initializing faster_whisper realtime transcription model tiny, default device: cpu, compute type: default, device index: 0, download root: None
2025-07-22 11:50:00.997 - RealTimeSTT: realtimestt - DEBUG - Creating PyAudio interface...
2025-07-22 11:50:01.082 - RealTimeSTT: realtimestt - WARNING - Failed to get highest sample rate: 'dict' object cannot be interpreted as an integer
2025-07-22 11:50:01.082 - RealTimeSTT: realtimestt - DEBUG - Sample rates to try for device {'default_samplerate': 44100.0, 'index': 4, 'name': 'HDA Intel PCH: ALC3246 Alt Analog (hw:1,2)'}: [16000, 48000]
2025-07-22 11:50:01.082 - RealTimeSTT: realtimestt - DEBUG - Attempting to initialize audio stream at 16000 Hz.
2025-07-22 11:50:01.082 - RealTimeSTT: realtimestt - DEBUG - Found 12 total audio devices on the system.
2025-07-22 11:50:01.082 - RealTimeSTT: realtimestt - DEBUG - Available input devices with input channels: [4, 10, 11]
2025-07-22 11:50:01.082 - RealTimeSTT: realtimestt - DEBUG - Default device info: {'index': 11, 'structVersion': 2, 'name': 'default', 'hostApi': 0, 'maxInputChannels': 32, 'maxOutputChannels': 32, 'defaultLowInputLatency': 0.008684807256235827, 'defaultLowOutputLatency': 0.008684807256235827, 'defaultHighInputLatency': 0.034807256235827665, 'defaultHighOutputLatency': 0.034807256235827665, 'defaultSampleRate': 44100.0}
2025-07-22 11:50:01.082 - RealTimeSTT: realtimestt - DEBUG - Validating device index 11 with info: {'index': 11, 'structVersion': 2, 'name': 'default', 'hostApi': 0, 'maxInputChannels': 32, 'maxOutputChannels': 32, 'defaultLowInputLatency': 0.008684807256235827, 'defaultLowOutputLatency': 0.008684807256235827, 'defaultHighInputLatency': 0.034807256235827665, 'defaultHighOutputLatency': 0.034807256235827665, 'defaultSampleRate': 44100.0}
2025-07-22 11:50:01.155 - RealTimeSTT: realtimestt - DEBUG - Device index 11 successfully validated.
2025-07-22 11:50:01.155 - RealTimeSTT: realtimestt - DEBUG - Default device 11 selected.
2025-07-22 11:50:01.156 - RealTimeSTT: realtimestt - DEBUG - Validating device index 11 with info: {'index': 11, 'structVersion': 2, 'name': 'default', 'hostApi': 0, 'maxInputChannels': 32, 'maxOutputChannels': 32, 'defaultLowInputLatency': 0.008684807256235827, 'defaultLowOutputLatency': 0.008684807256235827, 'defaultHighInputLatency': 0.034807256235827665, 'defaultHighOutputLatency': 0.034807256235827665, 'defaultSampleRate': 44100.0}
2025-07-22 11:50:01.232 - RealTimeSTT: realtimestt - DEBUG - Device index 11 successfully validated.
2025-07-22 11:50:01.232 - RealTimeSTT: realtimestt - DEBUG - Opening stream with device index 11, sample_rate=16000, chunk_size=1024
2025-07-22 11:50:01.236 - RealTimeSTT: realtimestt - INFO - Microphone connected and validated (device index: 11, sample rate: 16000, chunk size: 1024)
2025-07-22 11:50:01.236 - RealTimeSTT: realtimestt - DEBUG - Audio recording initialized successfully at 16000 Hz, reading 1024 frames at a time
2025-07-22 11:50:02.165 - RealTimeSTT: realtimestt - DEBUG - Faster_whisper realtime speech to text transcription model initialized successfully
2025-07-22 11:50:02.165 - RealTimeSTT: realtimestt - INFO - Initializing WebRTC voice with Sensitivity 2
2025-07-22 11:50:02.165 - RealTimeSTT: realtimestt - DEBUG - WebRTC VAD voice activity detection engine initialized successfully
2025-07-22 11:50:02.333 - RealTimeSTT: realtimestt - DEBUG - _audio_data_worker writing audio data into queue.
2025-07-22 11:50:02.674 - RealTimeSTT: realtimestt - ERROR - Error initializing Silero VAD voice activity detection engine: libtorch_cuda.so: cannot open shared object file: No such file or directory
Traceback (most recent call last):
  File "/home/ashok/.local/lib/python3.10/site-packages/RealtimeSTT/audio_recorder.py", line 922, in __init__
    self.silero_vad_model, _ = torch.hub.load(
  File "/home/ashok/.local/lib/python3.10/site-packages/torch/hub.py", line 647, in load
    model = _load_local(repo_or_dir, model, *args, **kwargs)
  File "/home/ashok/.local/lib/python3.10/site-packages/torch/hub.py", line 677, in _load_local
    hub_module = _import_module(MODULE_HUBCONF, hubconf_path)
  File "/home/ashok/.local/lib/python3.10/site-packages/torch/hub.py", line 115, in _import_module
    spec.loader.exec_module(module)
  File "<frozen importlib._bootstrap_external>", line 883, in exec_module
  File "<frozen importlib._bootstrap>", line 241, in _call_with_frames_removed
  File "/home/ashok/.cache/torch/hub/snakers4_silero-vad_master/hubconf.py", line 6, in <module>
    from silero_vad.utils_vad import (init_jit_model,
  File "/home/ashok/.cache/torch/hub/snakers4_silero-vad_master/src/silero_vad/__init__.py", line 7, in <module>
    from silero_vad.model import load_silero_vad
  File "/home/ashok/.cache/torch/hub/snakers4_silero-vad_master/src/silero_vad/model.py", line 1, in <module>
    from .utils_vad import init_jit_model, OnnxWrapper
  File "/home/ashok/.cache/torch/hub/snakers4_silero-vad_master/src/silero_vad/utils_vad.py", line 2, in <module>
    import torchaudio
  File "/home/ashok/.local/lib/python3.10/site-packages/torchaudio/__init__.py", line 2, in <module>
    from . import _extension  # noqa  # usort: skip
  File "/home/ashok/.local/lib/python3.10/site-packages/torchaudio/_extension/__init__.py", line 38, in <module>
    _load_lib("libtorchaudio")
  File "/home/ashok/.local/lib/python3.10/site-packages/torchaudio/_extension/utils.py", line 60, in _load_lib
    torch.ops.load_library(path)
  File "/home/ashok/.local/lib/python3.10/site-packages/torch/_ops.py", line 1392, in load_library
    ctypes.CDLL(path)
  File "/usr/lib/python3.10/ctypes/__init__.py", line 374, in __init__
    self._handle = _dlopen(self._name, mode)
OSError: libtorch_cuda.so: cannot open shared object file: No such file or directory
2025-07-22 11:50:03.366 - RealTimeSTT: realtimestt - DEBUG - _audio_data_worker writing audio data into queue.
2025-07-22 11:50:04.417 - RealTimeSTT: realtimestt - DEBUG - _audio_data_worker writing audio data into queue.
2025-07-22 11:50:05.463 - RealTimeSTT: realtimestt - DEBUG - _audio_data_worker writing audio data into queue.
2025-07-22 11:50:06.520 - RealTimeSTT: realtimestt - DEBUG - _audio_data_worker writing audio data into queue.
2025-07-22 11:50:07.566 - RealTimeSTT: realtimestt - DEBUG - _audio_data_worker writing audio data into queue.
2025-07-22 11:50:08.613 - RealTimeSTT: realtimestt - DEBUG - _audio_data_worker writing audio data into queue.
2025-07-22 11:50:09.647 - RealTimeSTT: realtimestt - DEBUG - _audio_data_worker writing audio data into queue.
2025-07-22 11:50:10.693 - RealTimeSTT: realtimestt - DEBUG - _audio_data_worker writing audio data into queue.
2025-07-22 11:50:11.745 - RealTimeSTT: realtimestt - DEBUG - _audio_data_worker writing audio data into queue.
2025-07-22 11:50:12.815 - RealTimeSTT: realtimestt - DEBUG - _audio_data_worker writing audio data into queue.
2025-07-22 11:50:13.871 - RealTimeSTT: realtimestt - DEBUG - _audio_data_worker writing audio data into queue.
2025-07-22 11:50:14.916 - RealTimeSTT: realtimestt - DEBUG - _audio_data_worker writing audio data into queue.
2025-07-22 11:50:15.944 - RealTimeSTT: realtimestt - DEBUG - _audio_data_worker writing audio data into queue.
2025-07-22 11:50:16.996 - RealTimeSTT: realtimestt - DEBUG - _audio_data_worker writing audio data into queue.
2025-07-22 11:50:18.048 - RealTimeSTT: realtimestt - DEBUG - _audio_data_worker writing audio data into queue.
2025-07-22 11:50:19.098 - RealTimeSTT: realtimestt - DEBUG - _audio_data_worker writing audio data into queue.
2025-07-22 11:50:20.107 - RealTimeSTT: realtimestt - DEBUG - _audio_data_worker writing audio data into queue.
2025-07-22 11:50:21.155 - RealTimeSTT: realtimestt - DEBUG - _audio_data_worker writing audio data into queue.
2025-07-22 11:50:22.206 - RealTimeSTT: realtimestt - DEBUG - _audio_data_worker writing audio data into queue.
2025-07-22 11:50:23.242 - RealTimeSTT: realtimestt - DEBUG - _audio_data_worker writing audio data into queue.
2025-07-22 11:50:24.264 - RealTimeSTT: realtimestt - DEBUG - _audio_data_worker writing audio data into queue.
2025-07-22 11:50:25.314 - RealTimeSTT: realtimestt - DEBUG - _audio_data_worker writing audio data into queue.
2025-07-22 11:50:26.341 - RealTimeSTT: realtimestt - DEBUG - _audio_data_worker writing audio data into queue.
2025-07-22 11:50:27.418 - RealTimeSTT: realtimestt - DEBUG - _audio_data_worker writing audio data into queue.
2025-07-22 11:50:28.468 - RealTimeSTT: realtimestt - DEBUG - _audio_data_worker writing audio data into queue.
2025-07-22 11:50:29.472 - RealTimeSTT: realtimestt - DEBUG - _audio_data_worker writing audio data into queue.
2025-07-22 11:50:30.528 - RealTimeSTT: realtimestt - DEBUG - _audio_data_worker writing audio data into queue.
2025-07-22 11:50:31.575 - RealTimeSTT: realtimestt - DEBUG - _audio_data_worker writing audio data into queue.
2025-07-22 11:50:32.602 - RealTimeSTT: realtimestt - DEBUG - _audio_data_worker writing audio data into queue.
2025-07-22 11:50:33.657 - RealTimeSTT: realtimestt - DEBUG - _audio_data_worker writing audio data into queue.
2025-07-22 11:50:34.660 - RealTimeSTT: realtimestt - DEBUG - _audio_data_worker writing audio data into queue.
2025-07-22 11:50:35.667 - RealTimeSTT: realtimestt - DEBUG - _audio_data_worker writing audio data into queue.
2025-07-22 11:50:36.722 - RealTimeSTT: realtimestt - DEBUG - _audio_data_worker writing audio data into queue.
2025-07-22 11:50:37.726 - RealTimeSTT: realtimestt - DEBUG - _audio_data_worker writing audio data into queue.
2025-07-22 11:50:38.776 - RealTimeSTT: realtimestt - DEBUG - _audio_data_worker writing audio data into queue.
2025-07-22 11:50:39.824 - RealTimeSTT: realtimestt - DEBUG - _audio_data_worker writing audio data into queue.
2025-07-22 11:50:40.857 - RealTimeSTT: realtimestt - DEBUG - _audio_data_worker writing audio data into queue.
2025-07-22 11:50:41.886 - RealTimeSTT: realtimestt - DEBUG - _audio_data_worker writing audio data into queue.
2025-07-22 11:50:42.934 - RealTimeSTT: realtimestt - DEBUG - _audio_data_worker writing audio data into queue.
2025-07-22 11:50:43.989 - RealTimeSTT: realtimestt - DEBUG - _audio_data_worker writing audio data into queue.
2025-07-22 11:52:46.414 - RealTimeSTT: realtimestt - INFO - Starting RealTimeSTT
2025-07-22 11:52:46.418 - RealTimeSTT: realtimestt - INFO - Initializing audio recording (creating pyAudio input stream, sample rate: 16000 buffer size: 512
2025-07-22 11:52:46.419 - RealTimeSTT: realtimestt - DEBUG - Starting audio data worker with target_sample_rate=16000, buffer_size=512, input_device_index=11
2025-07-22 11:52:46.419 - RealTimeSTT: realtimestt - DEBUG - Creating PyAudio interface...
2025-07-22 11:52:46.420 - RealTimeSTT: realtimestt - INFO - Initializing faster_whisper realtime transcription model tiny, default device: cpu, compute type: default, device index: 0, download root: None
2025-07-22 11:52:46.485 - RealTimeSTT: realtimestt - DEBUG - Retrieving highest sample rate for device index 11: {'index': 11, 'structVersion': 2, 'name': 'default', 'hostApi': 0, 'maxInputChannels': 32, 'maxOutputChannels': 32, 'defaultLowInputLatency': 0.008684807256235827, 'defaultLowOutputLatency': 0.008684807256235827, 'defaultHighInputLatency': 0.034807256235827665, 'defaultHighOutputLatency': 0.034807256235827665, 'defaultSampleRate': 44100.0}
2025-07-22 11:52:46.485 - RealTimeSTT: realtimestt - DEBUG - Highest supported sample rate for device index 11 is 44100
2025-07-22 11:52:46.485 - RealTimeSTT: realtimestt - DEBUG - Sample rates to try for device 11: [16000, 44100]
2025-07-22 11:52:46.485 - RealTimeSTT: realtimestt - DEBUG - Attempting to initialize audio stream at 16000 Hz.
2025-07-22 11:52:46.486 - RealTimeSTT: realtimestt - DEBUG - Found 12 total audio devices on the system.
2025-07-22 11:52:46.486 - RealTimeSTT: realtimestt - DEBUG - Available input devices with input channels: [4, 10, 11]
2025-07-22 11:52:46.486 - RealTimeSTT: realtimestt - DEBUG - Validating device index 11 with info: {'index': 11, 'structVersion': 2, 'name': 'default', 'hostApi': 0, 'maxInputChannels': 32, 'maxOutputChannels': 32, 'defaultLowInputLatency': 0.008684807256235827, 'defaultLowOutputLatency': 0.008684807256235827, 'defaultHighInputLatency': 0.034807256235827665, 'defaultHighOutputLatency': 0.034807256235827665, 'defaultSampleRate': 44100.0}
2025-07-22 11:52:46.555 - RealTimeSTT: realtimestt - DEBUG - Device index 11 successfully validated.
2025-07-22 11:52:46.555 - RealTimeSTT: realtimestt - DEBUG - Opening stream with device index 11, sample_rate=16000, chunk_size=1024
2025-07-22 11:52:46.560 - RealTimeSTT: realtimestt - INFO - Microphone connected and validated (device index: 11, sample rate: 16000, chunk size: 1024)
2025-07-22 11:52:46.560 - RealTimeSTT: realtimestt - DEBUG - Audio recording initialized successfully at 16000 Hz, reading 1024 frames at a time
2025-07-22 11:52:47.560 - RealTimeSTT: realtimestt - DEBUG - Faster_whisper realtime speech to text transcription model initialized successfully
2025-07-22 11:52:47.560 - RealTimeSTT: realtimestt - INFO - Initializing WebRTC voice with Sensitivity 2
2025-07-22 11:52:47.560 - RealTimeSTT: realtimestt - DEBUG - WebRTC VAD voice activity detection engine initialized successfully
2025-07-22 11:52:47.689 - RealTimeSTT: realtimestt - DEBUG - _audio_data_worker writing audio data into queue.
2025-07-22 11:52:48.069 - RealTimeSTT: realtimestt - ERROR - Error initializing Silero VAD voice activity detection engine: libtorch_cuda.so: cannot open shared object file: No such file or directory
Traceback (most recent call last):
  File "/home/ashok/.local/lib/python3.10/site-packages/RealtimeSTT/audio_recorder.py", line 922, in __init__
    self.silero_vad_model, _ = torch.hub.load(
  File "/home/ashok/.local/lib/python3.10/site-packages/torch/hub.py", line 647, in load
    model = _load_local(repo_or_dir, model, *args, **kwargs)
  File "/home/ashok/.local/lib/python3.10/site-packages/torch/hub.py", line 677, in _load_local
    hub_module = _import_module(MODULE_HUBCONF, hubconf_path)
  File "/home/ashok/.local/lib/python3.10/site-packages/torch/hub.py", line 115, in _import_module
    spec.loader.exec_module(module)
  File "<frozen importlib._bootstrap_external>", line 883, in exec_module
  File "<frozen importlib._bootstrap>", line 241, in _call_with_frames_removed
  File "/home/ashok/.cache/torch/hub/snakers4_silero-vad_master/hubconf.py", line 6, in <module>
    from silero_vad.utils_vad import (init_jit_model,
  File "/home/ashok/.cache/torch/hub/snakers4_silero-vad_master/src/silero_vad/__init__.py", line 7, in <module>
    from silero_vad.model import load_silero_vad
  File "/home/ashok/.cache/torch/hub/snakers4_silero-vad_master/src/silero_vad/model.py", line 1, in <module>
    from .utils_vad import init_jit_model, OnnxWrapper
  File "/home/ashok/.cache/torch/hub/snakers4_silero-vad_master/src/silero_vad/utils_vad.py", line 2, in <module>
    import torchaudio
  File "/home/ashok/.local/lib/python3.10/site-packages/torchaudio/__init__.py", line 2, in <module>
    from . import _extension  # noqa  # usort: skip
  File "/home/ashok/.local/lib/python3.10/site-packages/torchaudio/_extension/__init__.py", line 38, in <module>
    _load_lib("libtorchaudio")
  File "/home/ashok/.local/lib/python3.10/site-packages/torchaudio/_extension/utils.py", line 60, in _load_lib
    torch.ops.load_library(path)
  File "/home/ashok/.local/lib/python3.10/site-packages/torch/_ops.py", line 1392, in load_library
    ctypes.CDLL(path)
  File "/usr/lib/python3.10/ctypes/__init__.py", line 374, in __init__
    self._handle = _dlopen(self._name, mode)
OSError: libtorch_cuda.so: cannot open shared object file: No such file or directory
2025-07-22 11:52:48.756 - RealTimeSTT: realtimestt - DEBUG - _audio_data_worker writing audio data into queue.
2025-07-22 11:52:49.821 - RealTimeSTT: realtimestt - DEBUG - _audio_data_worker writing audio data into queue.
2025-07-22 11:52:50.890 - RealTimeSTT: realtimestt - DEBUG - _audio_data_worker writing audio data into queue.
2025-07-22 11:52:51.956 - RealTimeSTT: realtimestt - DEBUG - _audio_data_worker writing audio data into queue.
2025-07-22 11:52:53.026 - RealTimeSTT: realtimestt - DEBUG - _audio_data_worker writing audio data into queue.
2025-07-22 11:52:54.042 - RealTimeSTT: realtimestt - DEBUG - _audio_data_worker writing audio data into queue.
2025-07-22 11:52:55.106 - RealTimeSTT: realtimestt - DEBUG - _audio_data_worker writing audio data into queue.
2025-07-22 11:52:56.171 - RealTimeSTT: realtimestt - DEBUG - _audio_data_worker writing audio data into queue.
2025-07-22 11:52:57.186 - RealTimeSTT: realtimestt - DEBUG - _audio_data_worker writing audio data into queue.
2025-07-22 11:52:58.253 - RealTimeSTT: realtimestt - DEBUG - _audio_data_worker writing audio data into queue.
2025-07-22 11:52:59.322 - RealTimeSTT: realtimestt - DEBUG - _audio_data_worker writing audio data into queue.
2025-07-22 11:53:00.388 - RealTimeSTT: realtimestt - DEBUG - _audio_data_worker writing audio data into queue.
2025-07-22 11:53:01.403 - RealTimeSTT: realtimestt - DEBUG - _audio_data_worker writing audio data into queue.
2025-07-22 11:53:02.470 - RealTimeSTT: realtimestt - DEBUG - _audio_data_worker writing audio data into queue.
2025-07-22 11:53:03.538 - RealTimeSTT: realtimestt - DEBUG - _audio_data_worker writing audio data into queue.
2025-07-22 11:53:04.608 - RealTimeSTT: realtimestt - DEBUG - _audio_data_worker writing audio data into queue.
2025-07-22 11:53:05.691 - RealTimeSTT: realtimestt - DEBUG - _audio_data_worker writing audio data into queue.
2025-07-22 11:53:06.759 - RealTimeSTT: realtimestt - DEBUG - _audio_data_worker writing audio data into queue.
2025-07-22 11:53:07.827 - RealTimeSTT: realtimestt - DEBUG - _audio_data_worker writing audio data into queue.
2025-07-22 11:53:08.895 - RealTimeSTT: realtimestt - DEBUG - _audio_data_worker writing audio data into queue.
2025-07-22 11:53:09.960 - RealTimeSTT: realtimestt - DEBUG - _audio_data_worker writing audio data into queue.
2025-07-22 11:53:10.977 - RealTimeSTT: realtimestt - DEBUG - _audio_data_worker writing audio data into queue.
2025-07-22 11:53:12.042 - RealTimeSTT: realtimestt - DEBUG - _audio_data_worker writing audio data into queue.
2025-07-22 11:53:13.108 - RealTimeSTT: realtimestt - DEBUG - _audio_data_worker writing audio data into queue.
2025-07-22 11:53:14.176 - RealTimeSTT: realtimestt - DEBUG - _audio_data_worker writing audio data into queue.
2025-07-22 11:53:15.194 - RealTimeSTT: realtimestt - DEBUG - _audio_data_worker writing audio data into queue.
2025-07-22 11:53:16.258 - RealTimeSTT: realtimestt - DEBUG - _audio_data_worker writing audio data into queue.
2025-07-22 11:53:17.325 - RealTimeSTT: realtimestt - DEBUG - _audio_data_worker writing audio data into queue.
2025-07-22 11:53:18.391 - RealTimeSTT: realtimestt - DEBUG - _audio_data_worker writing audio data into queue.
2025-07-22 11:53:19.411 - RealTimeSTT: realtimestt - DEBUG - _audio_data_worker writing audio data into queue.
2025-07-22 11:53:20.479 - RealTimeSTT: realtimestt - DEBUG - _audio_data_worker writing audio data into queue.
2025-07-22 11:53:21.548 - RealTimeSTT: realtimestt - DEBUG - _audio_data_worker writing audio data into queue.
2025-07-22 11:53:22.614 - RealTimeSTT: realtimestt - DEBUG - _audio_data_worker writing audio data into queue.
2025-07-22 11:53:23.681 - RealTimeSTT: realtimestt - DEBUG - _audio_data_worker writing audio data into queue.
2025-07-22 11:53:24.749 - RealTimeSTT: realtimestt - DEBUG - _audio_data_worker writing audio data into queue.
2025-07-22 11:53:25.767 - RealTimeSTT: realtimestt - DEBUG - _audio_data_worker writing audio data into queue.
2025-07-22 11:53:26.833 - RealTimeSTT: realtimestt - DEBUG - _audio_data_worker writing audio data into queue.
2025-07-22 11:53:27.902 - RealTimeSTT: realtimestt - DEBUG - _audio_data_worker writing audio data into queue.
2025-07-22 11:53:28.969 - RealTimeSTT: realtimestt - DEBUG - _audio_data_worker writing audio data into queue.
2025-07-22 11:53:29.985 - RealTimeSTT: realtimestt - DEBUG - _audio_data_worker writing audio data into queue.
2025-07-22 11:53:31.054 - RealTimeSTT: realtimestt - DEBUG - _audio_data_worker writing audio data into queue.
2025-07-22 11:53:32.121 - RealTimeSTT: realtimestt - DEBUG - _audio_data_worker writing audio data into queue.
2025-07-22 11:53:33.187 - RealTimeSTT: realtimestt - DEBUG - _audio_data_worker writing audio data into queue.
2025-07-22 11:53:34.202 - RealTimeSTT: realtimestt - DEBUG - _audio_data_worker writing audio data into queue.
2025-07-22 11:53:35.269 - RealTimeSTT: realtimestt - DEBUG - _audio_data_worker writing audio data into queue.
2025-07-22 11:53:36.334 - RealTimeSTT: realtimestt - DEBUG - _audio_data_worker writing audio data into queue.
2025-07-22 11:53:37.403 - RealTimeSTT: realtimestt - DEBUG - _audio_data_worker writing audio data into queue.
2025-07-22 11:53:38.469 - RealTimeSTT: realtimestt - DEBUG - _audio_data_worker writing audio data into queue.
2025-07-22 11:53:39.487 - RealTimeSTT: realtimestt - DEBUG - _audio_data_worker writing audio data into queue.
2025-07-22 11:53:40.554 - RealTimeSTT: realtimestt - DEBUG - _audio_data_worker writing audio data into queue.
2025-07-22 11:53:41.622 - RealTimeSTT: realtimestt - DEBUG - _audio_data_worker writing audio data into queue.
2025-07-22 11:53:42.690 - RealTimeSTT: realtimestt - DEBUG - _audio_data_worker writing audio data into queue.
2025-07-22 11:53:43.705 - RealTimeSTT: realtimestt - DEBUG - _audio_data_worker writing audio data into queue.
2025-07-22 11:53:44.772 - RealTimeSTT: realtimestt - DEBUG - _audio_data_worker writing audio data into queue.
2025-07-22 11:53:45.840 - RealTimeSTT: realtimestt - DEBUG - _audio_data_worker writing audio data into queue.
2025-07-22 11:53:46.906 - RealTimeSTT: realtimestt - DEBUG - _audio_data_worker writing audio data into queue.
2025-07-22 11:53:47.921 - RealTimeSTT: realtimestt - DEBUG - _audio_data_worker writing audio data into queue.
2025-07-22 11:53:48.988 - RealTimeSTT: realtimestt - DEBUG - _audio_data_worker writing audio data into queue.
2025-07-22 11:53:50.056 - RealTimeSTT: realtimestt - DEBUG - _audio_data_worker writing audio data into queue.
2025-07-22 11:53:51.124 - RealTimeSTT: realtimestt - DEBUG - _audio_data_worker writing audio data into queue.
2025-07-22 11:53:52.209 - RealTimeSTT: realtimestt - DEBUG - _audio_data_worker writing audio data into queue.
2025-07-22 11:53:53.276 - RealTimeSTT: realtimestt - DEBUG - _audio_data_worker writing audio data into queue.
2025-07-22 11:53:54.343 - RealTimeSTT: realtimestt - DEBUG - _audio_data_worker writing audio data into queue.
2025-07-22 11:53:55.409 - RealTimeSTT: realtimestt - DEBUG - _audio_data_worker writing audio data into queue.
2025-07-22 11:53:56.478 - RealTimeSTT: realtimestt - DEBUG - _audio_data_worker writing audio data into queue.
2025-07-22 11:53:57.491 - RealTimeSTT: realtimestt - DEBUG - _audio_data_worker writing audio data into queue.
2025-07-22 11:53:58.560 - RealTimeSTT: realtimestt - DEBUG - _audio_data_worker writing audio data into queue.
2025-07-22 11:53:59.626 - RealTimeSTT: realtimestt - DEBUG - _audio_data_worker writing audio data into queue.
2025-07-22 11:54:00.695 - RealTimeSTT: realtimestt - DEBUG - _audio_data_worker writing audio data into queue.
2025-07-22 11:54:01.709 - RealTimeSTT: realtimestt - DEBUG - _audio_data_worker writing audio data into queue.
2025-07-22 11:54:02.776 - RealTimeSTT: realtimestt - DEBUG - _audio_data_worker writing audio data into queue.
2025-07-22 11:54:03.843 - RealTimeSTT: realtimestt - DEBUG - _audio_data_worker writing audio data into queue.
2025-07-22 11:54:04.907 - RealTimeSTT: realtimestt - DEBUG - _audio_data_worker writing audio data into queue.
2025-07-22 11:54:05.926 - RealTimeSTT: realtimestt - DEBUG - _audio_data_worker writing audio data into queue.
2025-07-22 11:54:06.993 - RealTimeSTT: realtimestt - DEBUG - _audio_data_worker writing audio data into queue.
2025-07-22 11:54:08.060 - RealTimeSTT: realtimestt - DEBUG - _audio_data_worker writing audio data into queue.
2025-07-22 11:54:09.128 - RealTimeSTT: realtimestt - DEBUG - _audio_data_worker writing audio data into queue.
2025-07-22 11:54:10.214 - RealTimeSTT: realtimestt - DEBUG - _audio_data_worker writing audio data into queue.
2025-07-22 11:54:11.281 - RealTimeSTT: realtimestt - DEBUG - _audio_data_worker writing audio data into queue.
2025-07-22 11:54:12.349 - RealTimeSTT: realtimestt - DEBUG - _audio_data_worker writing audio data into queue.
2025-07-22 11:54:13.416 - RealTimeSTT: realtimestt - DEBUG - _audio_data_worker writing audio data into queue.
2025-07-22 11:54:14.482 - RealTimeSTT: realtimestt - DEBUG - _audio_data_worker writing audio data into queue.
2025-07-22 11:54:15.502 - RealTimeSTT: realtimestt - DEBUG - _audio_data_worker writing audio data into queue.
2025-07-22 11:54:16.567 - RealTimeSTT: realtimestt - DEBUG - _audio_data_worker writing audio data into queue.
2025-07-22 11:54:17.636 - RealTimeSTT: realtimestt - DEBUG - _audio_data_worker writing audio data into queue.
2025-07-22 11:54:18.700 - RealTimeSTT: realtimestt - DEBUG - _audio_data_worker writing audio data into queue.
2025-07-22 11:54:19.716 - RealTimeSTT: realtimestt - DEBUG - _audio_data_worker writing audio data into queue.
2025-07-22 11:54:20.784 - RealTimeSTT: realtimestt - DEBUG - _audio_data_worker writing audio data into queue.
2025-07-22 11:54:21.851 - RealTimeSTT: realtimestt - DEBUG - _audio_data_worker writing audio data into queue.
2025-07-22 11:54:22.921 - RealTimeSTT: realtimestt - DEBUG - _audio_data_worker writing audio data into queue.
2025-07-22 11:54:23.989 - RealTimeSTT: realtimestt - DEBUG - _audio_data_worker writing audio data into queue.
2025-07-22 11:54:25.056 - RealTimeSTT: realtimestt - DEBUG - _audio_data_worker writing audio data into queue.
2025-07-22 11:54:26.076 - RealTimeSTT: realtimestt - DEBUG - _audio_data_worker writing audio data into queue.
2025-07-22 11:54:27.146 - RealTimeSTT: realtimestt - DEBUG - _audio_data_worker writing audio data into queue.
2025-07-22 11:54:28.214 - RealTimeSTT: realtimestt - DEBUG - _audio_data_worker writing audio data into queue.
2025-07-22 11:54:29.283 - RealTimeSTT: realtimestt - DEBUG - _audio_data_worker writing audio data into queue.
2025-07-22 11:54:30.349 - RealTimeSTT: realtimestt - DEBUG - _audio_data_worker writing audio data into queue.
2025-07-22 11:54:31.364 - RealTimeSTT: realtimestt - DEBUG - _audio_data_worker writing audio data into queue.
2025-07-22 11:54:32.431 - RealTimeSTT: realtimestt - DEBUG - _audio_data_worker writing audio data into queue.
2025-07-22 11:54:33.499 - RealTimeSTT: realtimestt - DEBUG - _audio_data_worker writing audio data into queue.
2025-07-22 11:54:34.566 - RealTimeSTT: realtimestt - DEBUG - _audio_data_worker writing audio data into queue.
2025-07-22 11:54:35.631 - RealTimeSTT: realtimestt - DEBUG - _audio_data_worker writing audio data into queue.
2025-07-22 11:54:36.648 - RealTimeSTT: realtimestt - DEBUG - _audio_data_worker writing audio data into queue.
2025-07-22 11:54:37.716 - RealTimeSTT: realtimestt - DEBUG - _audio_data_worker writing audio data into queue.
2025-07-22 11:54:38.783 - RealTimeSTT: realtimestt - DEBUG - _audio_data_worker writing audio data into queue.
2025-07-22 11:54:39.849 - RealTimeSTT: realtimestt - DEBUG - _audio_data_worker writing audio data into queue.
2025-07-22 11:54:40.867 - RealTimeSTT: realtimestt - DEBUG - _audio_data_worker writing audio data into queue.
2025-07-22 11:54:41.932 - RealTimeSTT: realtimestt - DEBUG - _audio_data_worker writing audio data into queue.
2025-07-22 11:54:43.002 - RealTimeSTT: realtimestt - DEBUG - _audio_data_worker writing audio data into queue.
2025-07-22 11:54:44.067 - RealTimeSTT: realtimestt - DEBUG - _audio_data_worker writing audio data into queue.
2025-07-22 11:54:45.084 - RealTimeSTT: realtimestt - DEBUG - _audio_data_worker writing audio data into queue.
2025-07-22 11:54:46.151 - RealTimeSTT: realtimestt - DEBUG - _audio_data_worker writing audio data into queue.
2025-07-22 11:54:47.217 - RealTimeSTT: realtimestt - DEBUG - _audio_data_worker writing audio data into queue.
2025-07-22 11:54:48.285 - RealTimeSTT: realtimestt - DEBUG - _audio_data_worker writing audio data into queue.
2025-07-22 11:54:49.302 - RealTimeSTT: realtimestt - DEBUG - _audio_data_worker writing audio data into queue.
2025-07-22 11:54:50.370 - RealTimeSTT: realtimestt - DEBUG - _audio_data_worker writing audio data into queue.
2025-07-22 11:54:51.438 - RealTimeSTT: realtimestt - DEBUG - _audio_data_worker writing audio data into queue.
2025-07-22 11:54:52.506 - RealTimeSTT: realtimestt - DEBUG - _audio_data_worker writing audio data into queue.
2025-07-22 11:54:53.574 - RealTimeSTT: realtimestt - DEBUG - _audio_data_worker writing audio data into queue.
2025-07-22 11:54:54.639 - RealTimeSTT: realtimestt - DEBUG - _audio_data_worker writing audio data into queue.
2025-07-22 11:54:55.660 - RealTimeSTT: realtimestt - DEBUG - _audio_data_worker writing audio data into queue.
2025-07-22 11:54:56.728 - RealTimeSTT: realtimestt - DEBUG - _audio_data_worker writing audio data into queue.
2025-07-22 11:54:57.796 - RealTimeSTT: realtimestt - DEBUG - _audio_data_worker writing audio data into queue.
2025-07-22 11:54:58.863 - RealTimeSTT: realtimestt - DEBUG - _audio_data_worker writing audio data into queue.
2025-07-22 11:54:59.932 - RealTimeSTT: realtimestt - DEBUG - _audio_data_worker writing audio data into queue.
2025-07-22 11:55:00.998 - RealTimeSTT: realtimestt - DEBUG - _audio_data_worker writing audio data into queue.
2025-07-22 11:55:02.018 - RealTimeSTT: realtimestt - DEBUG - _audio_data_worker writing audio data into queue.
2025-07-22 11:55:03.086 - RealTimeSTT: realtimestt - DEBUG - _audio_data_worker writing audio data into queue.
2025-07-22 11:55:04.154 - RealTimeSTT: realtimestt - DEBUG - _audio_data_worker writing audio data into queue.
2025-07-22 11:55:05.221 - RealTimeSTT: realtimestt - DEBUG - _audio_data_worker writing audio data into queue.
2025-07-22 11:55:06.235 - RealTimeSTT: realtimestt - DEBUG - _audio_data_worker writing audio data into queue.
2025-07-22 11:55:07.301 - RealTimeSTT: realtimestt - DEBUG - _audio_data_worker writing audio data into queue.
2025-07-22 11:55:08.369 - RealTimeSTT: realtimestt - DEBUG - _audio_data_worker writing audio data into queue.
2025-07-22 11:55:09.436 - RealTimeSTT: realtimestt - DEBUG - _audio_data_worker writing audio data into queue.
2025-07-22 11:55:10.453 - RealTimeSTT: realtimestt - DEBUG - _audio_data_worker writing audio data into queue.
2025-07-22 11:55:11.519 - RealTimeSTT: realtimestt - DEBUG - _audio_data_worker writing audio data into queue.
2025-07-22 11:55:12.584 - RealTimeSTT: realtimestt - DEBUG - _audio_data_worker writing audio data into queue.
2025-07-22 11:55:13.653 - RealTimeSTT: realtimestt - DEBUG - _audio_data_worker writing audio data into queue.
2025-07-22 11:55:14.741 - RealTimeSTT: realtimestt - DEBUG - _audio_data_worker writing audio data into queue.
2025-07-22 11:55:15.809 - RealTimeSTT: realtimestt - DEBUG - _audio_data_worker writing audio data into queue.
2025-07-22 11:55:16.876 - RealTimeSTT: realtimestt - DEBUG - _audio_data_worker writing audio data into queue.
2025-07-22 11:55:17.941 - RealTimeSTT: realtimestt - DEBUG - _audio_data_worker writing audio data into queue.
2025-07-22 11:55:19.009 - RealTimeSTT: realtimestt - DEBUG - _audio_data_worker writing audio data into queue.
2025-07-22 11:55:20.024 - RealTimeSTT: realtimestt - DEBUG - _audio_data_worker writing audio data into queue.
2025-07-22 11:55:21.092 - RealTimeSTT: realtimestt - DEBUG - _audio_data_worker writing audio data into queue.
2025-07-22 11:55:22.160 - RealTimeSTT: realtimestt - DEBUG - _audio_data_worker writing audio data into queue.
2025-07-22 11:55:23.227 - RealTimeSTT: realtimestt - DEBUG - _audio_data_worker writing audio data into queue.
2025-07-22 11:55:24.240 - RealTimeSTT: realtimestt - DEBUG - _audio_data_worker writing audio data into queue.
2025-07-22 11:59:43.355 - RealTimeSTT: realtimestt - INFO - Starting RealTimeSTT
2025-07-22 11:59:43.358 - RealTimeSTT: realtimestt - INFO - Initializing audio recording (creating pyAudio input stream, sample rate: 16000 buffer size: 512
2025-07-22 11:59:43.359 - RealTimeSTT: realtimestt - DEBUG - Starting audio data worker with target_sample_rate=16000, buffer_size=512, input_device_index=11
2025-07-22 11:59:43.363 - RealTimeSTT: realtimestt - INFO - Initializing WebRTC voice with Sensitivity 3
2025-07-22 11:59:43.364 - RealTimeSTT: realtimestt - DEBUG - Creating PyAudio interface...
2025-07-22 11:59:43.364 - RealTimeSTT: realtimestt - DEBUG - WebRTC VAD voice activity detection engine initialized successfully
2025-07-22 11:59:43.433 - RealTimeSTT: realtimestt - DEBUG - Retrieving highest sample rate for device index 11: {'index': 11, 'structVersion': 2, 'name': 'default', 'hostApi': 0, 'maxInputChannels': 32, 'maxOutputChannels': 32, 'defaultLowInputLatency': 0.008684807256235827, 'defaultLowOutputLatency': 0.008684807256235827, 'defaultHighInputLatency': 0.034807256235827665, 'defaultHighOutputLatency': 0.034807256235827665, 'defaultSampleRate': 44100.0}
2025-07-22 11:59:43.433 - RealTimeSTT: realtimestt - DEBUG - Highest supported sample rate for device index 11 is 44100
2025-07-22 11:59:43.433 - RealTimeSTT: realtimestt - DEBUG - Sample rates to try for device 11: [16000, 44100]
2025-07-22 11:59:43.433 - RealTimeSTT: realtimestt - DEBUG - Attempting to initialize audio stream at 16000 Hz.
2025-07-22 11:59:43.433 - RealTimeSTT: realtimestt - DEBUG - Found 12 total audio devices on the system.
2025-07-22 11:59:43.433 - RealTimeSTT: realtimestt - DEBUG - Available input devices with input channels: [4, 10, 11]
2025-07-22 11:59:43.433 - RealTimeSTT: realtimestt - DEBUG - Validating device index 11 with info: {'index': 11, 'structVersion': 2, 'name': 'default', 'hostApi': 0, 'maxInputChannels': 32, 'maxOutputChannels': 32, 'defaultLowInputLatency': 0.008684807256235827, 'defaultLowOutputLatency': 0.008684807256235827, 'defaultHighInputLatency': 0.034807256235827665, 'defaultHighOutputLatency': 0.034807256235827665, 'defaultSampleRate': 44100.0}
2025-07-22 11:59:43.503 - RealTimeSTT: realtimestt - DEBUG - Device index 11 successfully validated.
2025-07-22 11:59:43.503 - RealTimeSTT: realtimestt - DEBUG - Opening stream with device index 11, sample_rate=16000, chunk_size=1024
2025-07-22 11:59:43.507 - RealTimeSTT: realtimestt - INFO - Microphone connected and validated (device index: 11, sample rate: 16000, chunk size: 1024)
2025-07-22 11:59:43.507 - RealTimeSTT: realtimestt - DEBUG - Audio recording initialized successfully at 16000 Hz, reading 1024 frames at a time
2025-07-22 11:59:44.038 - RealTimeSTT: realtimestt - ERROR - Error initializing Silero VAD voice activity detection engine: libtorch_cuda.so: cannot open shared object file: No such file or directory
Traceback (most recent call last):
  File "/home/ashok/.local/lib/python3.10/site-packages/RealtimeSTT/audio_recorder.py", line 922, in __init__
    self.silero_vad_model, _ = torch.hub.load(
  File "/home/ashok/.local/lib/python3.10/site-packages/torch/hub.py", line 647, in load
    model = _load_local(repo_or_dir, model, *args, **kwargs)
  File "/home/ashok/.local/lib/python3.10/site-packages/torch/hub.py", line 677, in _load_local
    hub_module = _import_module(MODULE_HUBCONF, hubconf_path)
  File "/home/ashok/.local/lib/python3.10/site-packages/torch/hub.py", line 115, in _import_module
    spec.loader.exec_module(module)
  File "<frozen importlib._bootstrap_external>", line 883, in exec_module
  File "<frozen importlib._bootstrap>", line 241, in _call_with_frames_removed
  File "/home/ashok/.cache/torch/hub/snakers4_silero-vad_master/hubconf.py", line 6, in <module>
    from silero_vad.utils_vad import (init_jit_model,
  File "/home/ashok/.cache/torch/hub/snakers4_silero-vad_master/src/silero_vad/__init__.py", line 7, in <module>
    from silero_vad.model import load_silero_vad
  File "/home/ashok/.cache/torch/hub/snakers4_silero-vad_master/src/silero_vad/model.py", line 1, in <module>
    from .utils_vad import init_jit_model, OnnxWrapper
  File "/home/ashok/.cache/torch/hub/snakers4_silero-vad_master/src/silero_vad/utils_vad.py", line 2, in <module>
    import torchaudio
  File "/home/ashok/.local/lib/python3.10/site-packages/torchaudio/__init__.py", line 2, in <module>
    from . import _extension  # noqa  # usort: skip
  File "/home/ashok/.local/lib/python3.10/site-packages/torchaudio/_extension/__init__.py", line 38, in <module>
    _load_lib("libtorchaudio")
  File "/home/ashok/.local/lib/python3.10/site-packages/torchaudio/_extension/utils.py", line 60, in _load_lib
    torch.ops.load_library(path)
  File "/home/ashok/.local/lib/python3.10/site-packages/torch/_ops.py", line 1392, in load_library
    ctypes.CDLL(path)
  File "/usr/lib/python3.10/ctypes/__init__.py", line 374, in __init__
    self._handle = _dlopen(self._name, mode)
OSError: libtorch_cuda.so: cannot open shared object file: No such file or directory
2025-07-22 11:59:44.636 - RealTimeSTT: realtimestt - DEBUG - _audio_data_worker writing audio data into queue.
2025-07-22 11:59:45.703 - RealTimeSTT: realtimestt - DEBUG - _audio_data_worker writing audio data into queue.
2025-07-22 11:59:46.768 - RealTimeSTT: realtimestt - DEBUG - _audio_data_worker writing audio data into queue.
2025-07-22 11:59:47.837 - RealTimeSTT: realtimestt - DEBUG - _audio_data_worker writing audio data into queue.
2025-07-22 11:59:48.903 - RealTimeSTT: realtimestt - DEBUG - _audio_data_worker writing audio data into queue.
2025-07-22 11:59:49.918 - RealTimeSTT: realtimestt - DEBUG - _audio_data_worker writing audio data into queue.
2025-07-22 11:59:50.984 - RealTimeSTT: realtimestt - DEBUG - _audio_data_worker writing audio data into queue.
2025-07-22 11:59:52.049 - RealTimeSTT: realtimestt - DEBUG - _audio_data_worker writing audio data into queue.
2025-07-22 11:59:53.117 - RealTimeSTT: realtimestt - DEBUG - _audio_data_worker writing audio data into queue.
2025-07-22 11:59:54.135 - RealTimeSTT: realtimestt - DEBUG - _audio_data_worker writing audio data into queue.
2025-07-22 11:59:55.201 - RealTimeSTT: realtimestt - DEBUG - _audio_data_worker writing audio data into queue.
2025-07-22 11:59:56.269 - RealTimeSTT: realtimestt - DEBUG - _audio_data_worker writing audio data into queue.
2025-07-22 11:59:57.333 - RealTimeSTT: realtimestt - DEBUG - _audio_data_worker writing audio data into queue.
2025-07-22 11:59:58.353 - RealTimeSTT: realtimestt - DEBUG - _audio_data_worker writing audio data into queue.
2025-07-22 11:59:59.421 - RealTimeSTT: realtimestt - DEBUG - _audio_data_worker writing audio data into queue.
2025-07-22 12:00:00.487 - RealTimeSTT: realtimestt - DEBUG - _audio_data_worker writing audio data into queue.
2025-07-22 12:00:01.552 - RealTimeSTT: realtimestt - DEBUG - _audio_data_worker writing audio data into queue.
2025-07-22 12:00:02.642 - RealTimeSTT: realtimestt - DEBUG - _audio_data_worker writing audio data into queue.
2025-07-22 12:00:03.706 - RealTimeSTT: realtimestt - DEBUG - _audio_data_worker writing audio data into queue.
2025-07-22 12:00:04.777 - RealTimeSTT: realtimestt - DEBUG - _audio_data_worker writing audio data into queue.
2025-07-22 12:00:05.845 - RealTimeSTT: realtimestt - DEBUG - _audio_data_worker writing audio data into queue.
2025-07-22 12:00:06.914 - RealTimeSTT: realtimestt - DEBUG - _audio_data_worker writing audio data into queue.
2025-07-22 12:00:07.980 - RealTimeSTT: realtimestt - DEBUG - _audio_data_worker writing audio data into queue.
2025-07-22 12:00:09.001 - RealTimeSTT: realtimestt - DEBUG - _audio_data_worker writing audio data into queue.
2025-07-22 12:00:10.067 - RealTimeSTT: realtimestt - DEBUG - _audio_data_worker writing audio data into queue.
2025-07-22 12:00:11.134 - RealTimeSTT: realtimestt - DEBUG - _audio_data_worker writing audio data into queue.
2025-07-22 12:00:12.201 - RealTimeSTT: realtimestt - DEBUG - _audio_data_worker writing audio data into queue.
2025-07-22 12:00:13.218 - RealTimeSTT: realtimestt - DEBUG - _audio_data_worker writing audio data into queue.
2025-07-22 12:00:14.284 - RealTimeSTT: realtimestt - DEBUG - _audio_data_worker writing audio data into queue.
2025-07-22 12:00:15.351 - RealTimeSTT: realtimestt - DEBUG - _audio_data_worker writing audio data into queue.
2025-07-22 12:00:16.415 - RealTimeSTT: realtimestt - DEBUG - _audio_data_worker writing audio data into queue.
2025-07-22 12:00:17.483 - RealTimeSTT: realtimestt - DEBUG - _audio_data_worker writing audio data into queue.
2025-07-22 12:00:18.502 - RealTimeSTT: realtimestt - DEBUG - _audio_data_worker writing audio data into queue.
2025-07-22 12:00:19.565 - RealTimeSTT: realtimestt - DEBUG - _audio_data_worker writing audio data into queue.
2025-07-22 12:00:20.649 - RealTimeSTT: realtimestt - DEBUG - _audio_data_worker writing audio data into queue.
2025-07-22 12:00:21.713 - RealTimeSTT: realtimestt - DEBUG - _audio_data_worker writing audio data into queue.
2025-07-22 12:00:22.781 - RealTimeSTT: realtimestt - DEBUG - _audio_data_worker writing audio data into queue.
2025-07-22 12:00:23.847 - RealTimeSTT: realtimestt - DEBUG - _audio_data_worker writing audio data into queue.
2025-07-22 12:00:24.915 - RealTimeSTT: realtimestt - DEBUG - _audio_data_worker writing audio data into queue.
2025-07-22 12:00:25.931 - RealTimeSTT: realtimestt - DEBUG - _audio_data_worker writing audio data into queue.
2025-07-22 12:00:26.997 - RealTimeSTT: realtimestt - DEBUG - _audio_data_worker writing audio data into queue.
2025-07-22 12:00:28.064 - RealTimeSTT: realtimestt - DEBUG - _audio_data_worker writing audio data into queue.
2025-07-22 12:00:29.078 - RealTimeSTT: realtimestt - DEBUG - _audio_data_worker writing audio data into queue.
2025-07-22 12:00:30.147 - RealTimeSTT: realtimestt - DEBUG - _audio_data_worker writing audio data into queue.
2025-07-22 12:00:31.215 - RealTimeSTT: realtimestt - DEBUG - _audio_data_worker writing audio data into queue.
2025-07-22 12:00:32.282 - RealTimeSTT: realtimestt - DEBUG - _audio_data_worker writing audio data into queue.
2025-07-22 12:00:33.349 - RealTimeSTT: realtimestt - DEBUG - _audio_data_worker writing audio data into queue.
2025-07-22 12:00:34.368 - RealTimeSTT: realtimestt - DEBUG - _audio_data_worker writing audio data into queue.
2025-07-22 12:00:35.436 - RealTimeSTT: realtimestt - DEBUG - _audio_data_worker writing audio data into queue.
2025-07-22 12:00:36.501 - RealTimeSTT: realtimestt - DEBUG - _audio_data_worker writing audio data into queue.
2025-07-22 12:00:37.569 - RealTimeSTT: realtimestt - DEBUG - _audio_data_worker writing audio data into queue.
2025-07-22 12:00:38.656 - RealTimeSTT: realtimestt - DEBUG - _audio_data_worker writing audio data into queue.
2025-07-22 12:00:39.723 - RealTimeSTT: realtimestt - DEBUG - _audio_data_worker writing audio data into queue.
2025-07-22 12:00:40.789 - RealTimeSTT: realtimestt - DEBUG - _audio_data_worker writing audio data into queue.
2025-07-22 12:00:41.854 - RealTimeSTT: realtimestt - DEBUG - _audio_data_worker writing audio data into queue.
2025-07-22 12:00:42.919 - RealTimeSTT: realtimestt - DEBUG - _audio_data_worker writing audio data into queue.
2025-07-22 12:00:43.942 - RealTimeSTT: realtimestt - DEBUG - _audio_data_worker writing audio data into queue.
2025-07-22 12:00:45.010 - RealTimeSTT: realtimestt - DEBUG - _audio_data_worker writing audio data into queue.
2025-07-22 12:00:46.075 - RealTimeSTT: realtimestt - DEBUG - _audio_data_worker writing audio data into queue.
2025-07-22 12:00:47.139 - RealTimeSTT: realtimestt - DEBUG - _audio_data_worker writing audio data into queue.
2025-07-22 12:00:48.158 - RealTimeSTT: realtimestt - DEBUG - _audio_data_worker writing audio data into queue.
2025-07-22 12:00:49.225 - RealTimeSTT: realtimestt - DEBUG - _audio_data_worker writing audio data into queue.
2025-07-22 12:00:50.292 - RealTimeSTT: realtimestt - DEBUG - _audio_data_worker writing audio data into queue.
2025-07-22 12:00:51.361 - RealTimeSTT: realtimestt - DEBUG - _audio_data_worker writing audio data into queue.
2025-07-22 12:00:52.429 - RealTimeSTT: realtimestt - DEBUG - _audio_data_worker writing audio data into queue.
2025-07-22 12:00:53.493 - RealTimeSTT: realtimestt - DEBUG - _audio_data_worker writing audio data into queue.
2025-07-22 12:00:54.515 - RealTimeSTT: realtimestt - DEBUG - _audio_data_worker writing audio data into queue.
2025-07-22 12:00:55.581 - RealTimeSTT: realtimestt - DEBUG - _audio_data_worker writing audio data into queue.
2025-07-22 12:00:56.665 - RealTimeSTT: realtimestt - DEBUG - _audio_data_worker writing audio data into queue.
2025-07-22 12:00:57.729 - RealTimeSTT: realtimestt - DEBUG - _audio_data_worker writing audio data into queue.
2025-07-22 12:00:58.795 - RealTimeSTT: realtimestt - DEBUG - _audio_data_worker writing audio data into queue.
2025-07-22 12:00:59.862 - RealTimeSTT: realtimestt - DEBUG - _audio_data_worker writing audio data into queue.
2025-07-22 12:01:00.928 - RealTimeSTT: realtimestt - DEBUG - _audio_data_worker writing audio data into queue.
2025-07-22 12:01:01.949 - RealTimeSTT: realtimestt - DEBUG - _audio_data_worker writing audio data into queue.
2025-07-22 12:01:03.016 - RealTimeSTT: realtimestt - DEBUG - _audio_data_worker writing audio data into queue.
2025-07-22 12:01:04.084 - RealTimeSTT: realtimestt - DEBUG - _audio_data_worker writing audio data into queue.
2025-07-22 12:01:05.150 - RealTimeSTT: realtimestt - DEBUG - _audio_data_worker writing audio data into queue.
2025-07-22 12:03:36.320 - RealTimeSTT: realtimestt - INFO - Starting RealTimeSTT
2025-07-22 12:03:36.324 - RealTimeSTT: realtimestt - INFO - Initializing audio recording (creating pyAudio input stream, sample rate: 16000 buffer size: 512
2025-07-22 12:03:36.327 - RealTimeSTT: realtimestt - DEBUG - Starting audio data worker with target_sample_rate=16000, buffer_size=512, input_device_index=11
2025-07-22 12:03:36.328 - RealTimeSTT: realtimestt - DEBUG - Creating PyAudio interface...
2025-07-22 12:03:36.328 - RealTimeSTT: realtimestt - INFO - Initializing WebRTC voice with Sensitivity 3
2025-07-22 12:03:36.328 - RealTimeSTT: realtimestt - DEBUG - WebRTC VAD voice activity detection engine initialized successfully
2025-07-22 12:03:36.398 - RealTimeSTT: realtimestt - DEBUG - Retrieving highest sample rate for device index 11: {'index': 11, 'structVersion': 2, 'name': 'default', 'hostApi': 0, 'maxInputChannels': 32, 'maxOutputChannels': 32, 'defaultLowInputLatency': 0.008684807256235827, 'defaultLowOutputLatency': 0.008684807256235827, 'defaultHighInputLatency': 0.034807256235827665, 'defaultHighOutputLatency': 0.034807256235827665, 'defaultSampleRate': 44100.0}
2025-07-22 12:03:36.398 - RealTimeSTT: realtimestt - DEBUG - Highest supported sample rate for device index 11 is 44100
2025-07-22 12:03:36.398 - RealTimeSTT: realtimestt - DEBUG - Sample rates to try for device 11: [16000, 44100]
2025-07-22 12:03:36.398 - RealTimeSTT: realtimestt - DEBUG - Attempting to initialize audio stream at 16000 Hz.
2025-07-22 12:03:36.398 - RealTimeSTT: realtimestt - DEBUG - Found 12 total audio devices on the system.
2025-07-22 12:03:36.398 - RealTimeSTT: realtimestt - DEBUG - Available input devices with input channels: [4, 10, 11]
2025-07-22 12:03:36.398 - RealTimeSTT: realtimestt - DEBUG - Validating device index 11 with info: {'index': 11, 'structVersion': 2, 'name': 'default', 'hostApi': 0, 'maxInputChannels': 32, 'maxOutputChannels': 32, 'defaultLowInputLatency': 0.008684807256235827, 'defaultLowOutputLatency': 0.008684807256235827, 'defaultHighInputLatency': 0.034807256235827665, 'defaultHighOutputLatency': 0.034807256235827665, 'defaultSampleRate': 44100.0}
2025-07-22 12:03:36.468 - RealTimeSTT: realtimestt - DEBUG - Device index 11 successfully validated.
2025-07-22 12:03:36.468 - RealTimeSTT: realtimestt - DEBUG - Opening stream with device index 11, sample_rate=16000, chunk_size=1024
2025-07-22 12:03:36.472 - RealTimeSTT: realtimestt - INFO - Microphone connected and validated (device index: 11, sample rate: 16000, chunk size: 1024)
2025-07-22 12:03:36.473 - RealTimeSTT: realtimestt - DEBUG - Audio recording initialized successfully at 16000 Hz, reading 1024 frames at a time
2025-07-22 12:03:36.872 - RealTimeSTT: realtimestt - ERROR - Error initializing Silero VAD voice activity detection engine: libtorch_cuda.so: cannot open shared object file: No such file or directory
Traceback (most recent call last):
  File "/home/ashok/.local/lib/python3.10/site-packages/RealtimeSTT/audio_recorder.py", line 922, in __init__
    self.silero_vad_model, _ = torch.hub.load(
  File "/home/ashok/.local/lib/python3.10/site-packages/torch/hub.py", line 647, in load
    model = _load_local(repo_or_dir, model, *args, **kwargs)
  File "/home/ashok/.local/lib/python3.10/site-packages/torch/hub.py", line 677, in _load_local
    hub_module = _import_module(MODULE_HUBCONF, hubconf_path)
  File "/home/ashok/.local/lib/python3.10/site-packages/torch/hub.py", line 115, in _import_module
    spec.loader.exec_module(module)
  File "<frozen importlib._bootstrap_external>", line 883, in exec_module
  File "<frozen importlib._bootstrap>", line 241, in _call_with_frames_removed
  File "/home/ashok/.cache/torch/hub/snakers4_silero-vad_master/hubconf.py", line 6, in <module>
    from silero_vad.utils_vad import (init_jit_model,
  File "/home/ashok/.cache/torch/hub/snakers4_silero-vad_master/src/silero_vad/__init__.py", line 7, in <module>
    from silero_vad.model import load_silero_vad
  File "/home/ashok/.cache/torch/hub/snakers4_silero-vad_master/src/silero_vad/model.py", line 1, in <module>
    from .utils_vad import init_jit_model, OnnxWrapper
  File "/home/ashok/.cache/torch/hub/snakers4_silero-vad_master/src/silero_vad/utils_vad.py", line 2, in <module>
    import torchaudio
  File "/home/ashok/.local/lib/python3.10/site-packages/torchaudio/__init__.py", line 2, in <module>
    from . import _extension  # noqa  # usort: skip
  File "/home/ashok/.local/lib/python3.10/site-packages/torchaudio/_extension/__init__.py", line 38, in <module>
    _load_lib("libtorchaudio")
  File "/home/ashok/.local/lib/python3.10/site-packages/torchaudio/_extension/utils.py", line 60, in _load_lib
    torch.ops.load_library(path)
  File "/home/ashok/.local/lib/python3.10/site-packages/torch/_ops.py", line 1392, in load_library
    ctypes.CDLL(path)
  File "/usr/lib/python3.10/ctypes/__init__.py", line 374, in __init__
    self._handle = _dlopen(self._name, mode)
OSError: libtorch_cuda.so: cannot open shared object file: No such file or directory
2025-07-22 12:03:37.603 - RealTimeSTT: realtimestt - DEBUG - _audio_data_worker writing audio data into queue.
2025-07-22 12:03:38.671 - RealTimeSTT: realtimestt - DEBUG - _audio_data_worker writing audio data into queue.
2025-07-22 12:03:39.738 - RealTimeSTT: realtimestt - DEBUG - _audio_data_worker writing audio data into queue.
2025-07-22 12:03:40.805 - RealTimeSTT: realtimestt - DEBUG - _audio_data_worker writing audio data into queue.
2025-07-22 12:03:41.871 - RealTimeSTT: realtimestt - DEBUG - _audio_data_worker writing audio data into queue.
2025-07-22 12:03:42.935 - RealTimeSTT: realtimestt - DEBUG - _audio_data_worker writing audio data into queue.
2025-07-22 12:03:43.954 - RealTimeSTT: realtimestt - DEBUG - _audio_data_worker writing audio data into queue.
2025-07-22 12:03:45.021 - RealTimeSTT: realtimestt - DEBUG - _audio_data_worker writing audio data into queue.
2025-07-22 12:03:46.087 - RealTimeSTT: realtimestt - DEBUG - _audio_data_worker writing audio data into queue.
2025-07-22 12:03:47.098 - RealTimeSTT: realtimestt - DEBUG - _audio_data_worker writing audio data into queue.
2025-07-22 12:03:48.164 - RealTimeSTT: realtimestt - DEBUG - _audio_data_worker writing audio data into queue.
2025-07-22 12:03:49.231 - RealTimeSTT: realtimestt - DEBUG - _audio_data_worker writing audio data into queue.
2025-07-22 12:03:50.298 - RealTimeSTT: realtimestt - DEBUG - _audio_data_worker writing audio data into queue.
2025-07-22 12:03:51.314 - RealTimeSTT: realtimestt - DEBUG - _audio_data_worker writing audio data into queue.
2025-07-22 12:03:52.381 - RealTimeSTT: realtimestt - DEBUG - _audio_data_worker writing audio data into queue.
2025-07-22 12:03:53.449 - RealTimeSTT: realtimestt - DEBUG - _audio_data_worker writing audio data into queue.
2025-07-22 12:03:54.516 - RealTimeSTT: realtimestt - DEBUG - _audio_data_worker writing audio data into queue.
2025-07-22 12:03:55.604 - RealTimeSTT: realtimestt - DEBUG - _audio_data_worker writing audio data into queue.
2025-07-22 12:03:56.672 - RealTimeSTT: realtimestt - DEBUG - _audio_data_worker writing audio data into queue.
2025-07-22 12:03:57.740 - RealTimeSTT: realtimestt - DEBUG - _audio_data_worker writing audio data into queue.
2025-07-22 12:03:58.807 - RealTimeSTT: realtimestt - DEBUG - _audio_data_worker writing audio data into queue.
2025-07-22 12:03:59.874 - RealTimeSTT: realtimestt - DEBUG - _audio_data_worker writing audio data into queue.
2025-07-22 12:04:00.886 - RealTimeSTT: realtimestt - DEBUG - _audio_data_worker writing audio data into queue.
2025-07-22 12:04:01.952 - RealTimeSTT: realtimestt - DEBUG - _audio_data_worker writing audio data into queue.
2025-07-22 12:04:03.021 - RealTimeSTT: realtimestt - DEBUG - _audio_data_worker writing audio data into queue.
2025-07-22 12:04:04.089 - RealTimeSTT: realtimestt - DEBUG - _audio_data_worker writing audio data into queue.
2025-07-22 12:04:05.104 - RealTimeSTT: realtimestt - DEBUG - _audio_data_worker writing audio data into queue.
2025-07-22 12:04:06.171 - RealTimeSTT: realtimestt - DEBUG - _audio_data_worker writing audio data into queue.
2025-07-22 12:04:07.237 - RealTimeSTT: realtimestt - DEBUG - _audio_data_worker writing audio data into queue.
